{"/home/travis/build/npmtest/node-npmtest-ytdl-core/test.js":{"path":"/home/travis/build/npmtest/node-npmtest-ytdl-core/test.js","s":{"1":2,"2":2,"3":2,"4":2,"5":2,"6":2,"7":2,"8":1,"9":2,"10":2,"11":1,"12":1,"13":1,"14":1,"15":2,"16":2,"17":2,"18":2,"19":1,"20":1,"21":2,"22":2,"23":2,"24":1,"25":1,"26":1,"27":1,"28":1,"29":1,"30":1,"31":1,"32":1,"33":1,"34":1,"35":1,"36":1,"37":2,"38":2,"39":1,"40":2,"41":2,"42":1,"43":2,"44":2,"45":1,"46":2,"47":2,"48":1,"49":1,"50":1,"51":1,"52":1},"b":{"1":[2,1,1,1],"2":[1,1,1,1],"3":[1,1],"4":[1,1],"5":[1,1],"6":[1,1],"7":[1,1],"8":[1,1],"9":[1,1,1],"10":[1,1],"11":[1,1],"12":[1,1],"13":[1,1],"14":[1,1],"15":[1,1],"16":[1,1]},"f":{"1":2,"2":2,"3":2,"4":2,"5":2,"6":1,"7":1,"8":2,"9":2,"10":2,"11":2,"12":1},"fnMap":{"1":{"name":"(anonymous_1)","line":12,"loc":{"start":{"line":12,"column":1},"end":{"line":12,"column":13}}},"2":{"name":"(anonymous_2)","line":19,"loc":{"start":{"line":19,"column":5},"end":{"line":19,"column":17}}},"3":{"name":"(anonymous_3)","line":23,"loc":{"start":{"line":23,"column":24},"end":{"line":23,"column":36}}},"4":{"name":"(anonymous_4)","line":61,"loc":{"start":{"line":61,"column":5},"end":{"line":61,"column":17}}},"5":{"name":"(anonymous_5)","line":82,"loc":{"start":{"line":82,"column":5},"end":{"line":82,"column":17}}},"6":{"name":"(anonymous_6)","line":102,"loc":{"start":{"line":102,"column":83},"end":{"line":105,"column":10}},"skip":true},"7":{"name":"(anonymous_7)","line":113,"loc":{"start":{"line":113,"column":77},"end":{"line":116,"column":10}},"skip":true},"8":{"name":"(anonymous_8)","line":129,"loc":{"start":{"line":129,"column":12},"end":{"line":129,"column":40}},"skip":true},"9":{"name":"(anonymous_9)","line":137,"loc":{"start":{"line":137,"column":77},"end":{"line":140,"column":10}},"skip":true},"10":{"name":"(anonymous_10)","line":148,"loc":{"start":{"line":148,"column":83},"end":{"line":151,"column":10}},"skip":true},"11":{"name":"(anonymous_11)","line":159,"loc":{"start":{"line":159,"column":79},"end":{"line":162,"column":10}},"skip":true},"12":{"name":"(anonymous_12)","line":170,"loc":{"start":{"line":170,"column":75},"end":{"line":173,"column":10}},"skip":true}},"statementMap":{"1":{"start":{"line":12,"column":0},"end":{"line":185,"column":5}},"2":{"start":{"line":14,"column":4},"end":{"line":14,"column":14}},"3":{"start":{"line":19,"column":4},"end":{"line":56,"column":9}},"4":{"start":{"line":21,"column":8},"end":{"line":21,"column":19}},"5":{"start":{"line":23,"column":8},"end":{"line":35,"column":13}},"6":{"start":{"line":24,"column":12},"end":{"line":34,"column":13}},"7":{"start":{"line":25,"column":16},"end":{"line":28,"column":30}},"8":{"start":{"line":30,"column":16},"end":{"line":33,"column":27}},"9":{"start":{"line":37,"column":8},"end":{"line":39,"column":21}},"10":{"start":{"line":40,"column":8},"end":{"line":53,"column":9}},"11":{"start":{"line":43,"column":12},"end":{"line":46,"column":14}},"12":{"start":{"line":47,"column":12},"end":{"line":47,"column":18}},"13":{"start":{"line":50,"column":12},"end":{"line":51,"column":46}},"14":{"start":{"line":52,"column":12},"end":{"line":52,"column":18}},"15":{"start":{"line":55,"column":8},"end":{"line":55,"column":35}},"16":{"start":{"line":61,"column":4},"end":{"line":63,"column":9}},"17":{"start":{"line":62,"column":8},"end":{"line":62,"column":15}},"18":{"start":{"line":64,"column":4},"end":{"line":77,"column":5}},"19":{"start":{"line":70,"column":8},"end":{"line":70,"column":14}},"20":{"start":{"line":76,"column":8},"end":{"line":76,"column":14}},"21":{"start":{"line":82,"column":4},"end":{"line":84,"column":9}},"22":{"start":{"line":83,"column":8},"end":{"line":83,"column":15}},"23":{"start":{"line":85,"column":4},"end":{"line":184,"column":5}},"24":{"start":{"line":92,"column":8},"end":{"line":94,"column":63}},"25":{"start":{"line":95,"column":8},"end":{"line":95,"column":14}},"26":{"start":{"line":102,"column":8},"end":{"line":111,"column":10},"skip":true},"27":{"start":{"line":109,"column":12},"end":{"line":109,"column":55},"skip":true},"28":{"start":{"line":110,"column":12},"end":{"line":110,"column":48},"skip":true},"29":{"start":{"line":113,"column":8},"end":{"line":126,"column":10},"skip":true},"30":{"start":{"line":120,"column":12},"end":{"line":120,"column":76},"skip":true},"31":{"start":{"line":121,"column":12},"end":{"line":121,"column":73},"skip":true},"32":{"start":{"line":122,"column":12},"end":{"line":122,"column":74},"skip":true},"33":{"start":{"line":123,"column":12},"end":{"line":123,"column":79},"skip":true},"34":{"start":{"line":124,"column":12},"end":{"line":124,"column":25},"skip":true},"35":{"start":{"line":125,"column":12},"end":{"line":125,"column":45},"skip":true},"36":{"start":{"line":128,"column":8},"end":{"line":135,"column":14},"skip":true},"37":{"start":{"line":133,"column":16},"end":{"line":133,"column":29},"skip":true},"38":{"start":{"line":134,"column":16},"end":{"line":134,"column":55},"skip":true},"39":{"start":{"line":137,"column":8},"end":{"line":146,"column":10},"skip":true},"40":{"start":{"line":144,"column":12},"end":{"line":144,"column":25},"skip":true},"41":{"start":{"line":145,"column":12},"end":{"line":145,"column":45},"skip":true},"42":{"start":{"line":148,"column":8},"end":{"line":157,"column":10},"skip":true},"43":{"start":{"line":155,"column":12},"end":{"line":155,"column":25},"skip":true},"44":{"start":{"line":156,"column":12},"end":{"line":156,"column":48},"skip":true},"45":{"start":{"line":159,"column":8},"end":{"line":168,"column":10},"skip":true},"46":{"start":{"line":166,"column":12},"end":{"line":166,"column":25},"skip":true},"47":{"start":{"line":167,"column":12},"end":{"line":167,"column":46},"skip":true},"48":{"start":{"line":170,"column":8},"end":{"line":179,"column":10},"skip":true},"49":{"start":{"line":177,"column":12},"end":{"line":177,"column":94},"skip":true},"50":{"start":{"line":178,"column":12},"end":{"line":178,"column":48},"skip":true},"51":{"start":{"line":182,"column":8},"end":{"line":182,"column":35},"skip":true},"52":{"start":{"line":183,"column":8},"end":{"line":183,"column":14},"skip":true}},"branchMap":{"1":{"line":25,"type":"binary-expr","locations":[{"start":{"line":25,"column":23},"end":{"line":25,"column":62}},{"start":{"line":26,"column":20},"end":{"line":26,"column":70}},{"start":{"line":27,"column":20},"end":{"line":27,"column":71}},{"start":{"line":28,"column":20},"end":{"line":28,"column":29}}]},"2":{"line":30,"type":"binary-expr","locations":[{"start":{"line":30,"column":23},"end":{"line":30,"column":37}},{"start":{"line":31,"column":20},"end":{"line":31,"column":61}},{"start":{"line":32,"column":20},"end":{"line":32,"column":70}},{"start":{"line":33,"column":20},"end":{"line":33,"column":26}}]},"3":{"line":37,"type":"cond-expr","locations":[{"start":{"line":38,"column":14},"end":{"line":38,"column":20}},{"start":{"line":39,"column":14},"end":{"line":39,"column":20}}]},"4":{"line":40,"type":"switch","locations":[{"start":{"line":42,"column":8},"end":{"line":47,"column":18}},{"start":{"line":49,"column":8},"end":{"line":52,"column":18}}]},"5":{"line":44,"type":"binary-expr","locations":[{"start":{"line":44,"column":16},"end":{"line":44,"column":44}},{"start":{"line":44,"column":48},"end":{"line":44,"column":66}}]},"6":{"line":50,"type":"binary-expr","locations":[{"start":{"line":50,"column":21},"end":{"line":50,"column":49}},{"start":{"line":50,"column":53},"end":{"line":50,"column":72}}]},"7":{"line":64,"type":"switch","locations":[{"start":{"line":69,"column":4},"end":{"line":70,"column":14}},{"start":{"line":75,"column":4},"end":{"line":76,"column":14}}]},"8":{"line":85,"type":"switch","locations":[{"start":{"line":90,"column":4},"end":{"line":95,"column":14}},{"start":{"line":101,"column":4},"end":{"line":183,"column":14},"skip":true}]},"9":{"line":92,"type":"binary-expr","locations":[{"start":{"line":92,"column":18},"end":{"line":92,"column":32}},{"start":{"line":93,"column":12},"end":{"line":93,"column":53}},{"start":{"line":94,"column":12},"end":{"line":94,"column":61}}]},"10":{"line":102,"type":"binary-expr","locations":[{"start":{"line":102,"column":45},"end":{"line":102,"column":79},"skip":true},{"start":{"line":102,"column":83},"end":{"line":111,"column":9},"skip":true}]},"11":{"line":113,"type":"binary-expr","locations":[{"start":{"line":113,"column":42},"end":{"line":113,"column":73},"skip":true},{"start":{"line":113,"column":77},"end":{"line":126,"column":9},"skip":true}]},"12":{"line":128,"type":"binary-expr","locations":[{"start":{"line":128,"column":48},"end":{"line":128,"column":85},"skip":true},{"start":{"line":129,"column":12},"end":{"line":135,"column":13},"skip":true}]},"13":{"line":137,"type":"binary-expr","locations":[{"start":{"line":137,"column":42},"end":{"line":137,"column":73},"skip":true},{"start":{"line":137,"column":77},"end":{"line":146,"column":9},"skip":true}]},"14":{"line":148,"type":"binary-expr","locations":[{"start":{"line":148,"column":45},"end":{"line":148,"column":79},"skip":true},{"start":{"line":148,"column":83},"end":{"line":157,"column":9},"skip":true}]},"15":{"line":159,"type":"binary-expr","locations":[{"start":{"line":159,"column":43},"end":{"line":159,"column":75},"skip":true},{"start":{"line":159,"column":79},"end":{"line":168,"column":9},"skip":true}]},"16":{"line":170,"type":"binary-expr","locations":[{"start":{"line":170,"column":41},"end":{"line":170,"column":71},"skip":true},{"start":{"line":170,"column":75},"end":{"line":179,"column":9},"skip":true}]}},"code":["/* istanbul instrument in package npmtest_ytdl_core */","/*jslint","    bitwise: true,","    browser: true,","    maxerr: 8,","    maxlen: 96,","    node: true,","    nomen: true,","    regexp: true,","    stupid: true","*/","(function () {","    'use strict';","    var local;","","","","    // run shared js-env code - pre-init","    (function () {","        // init local","        local = {};","        // init modeJs","        local.modeJs = (function () {","            try {","                return typeof navigator.userAgent === 'string' &&","                    typeof document.querySelector('body') === 'object' &&","                    typeof XMLHttpRequest.prototype.open === 'function' &&","                    'browser';","            } catch (errorCaughtBrowser) {","                return module.exports &&","                    typeof process.versions.node === 'string' &&","                    typeof require('http').createServer === 'function' &&","                    'node';","            }","        }());","        // init global","        local.global = local.modeJs === 'browser'","            ? window","            : global;","        switch (local.modeJs) {","        // re-init local from window.local","        case 'browser':","            local = local.global.utility2.objectSetDefault(","                local.global.utility2_rollup || local.global.local,","                local.global.utility2","            );","            break;","        // re-init local from example.js","        case 'node':","            local = (local.global.utility2_rollup || require('utility2'))","                .requireExampleJsFromReadme();","            break;","        }","        // export local","        local.global.local = local;","    }());","","","","    // run shared js-env code - function","    (function () {","        return;","    }());","    switch (local.modeJs) {","","","","    // run browser js-env code - function","    case 'browser':","        break;","","","","    // run node js-env code - function","    case 'node':","        break;","    }","","","","    // run shared js-env code - post-init","    (function () {","        return;","    }());","    switch (local.modeJs) {","","","","    // run browser js-env code - post-init","    case 'browser':","        // run tests","        local.nop(local.modeTest &&","            document.querySelector('#testRunButton1') &&","            document.querySelector('#testRunButton1').click());","        break;","","","","    // run node js-env code - post-init","    /* istanbul ignore next */","    case 'node':","        local.testCase_buildApidoc_default = local.testCase_buildApidoc_default || function (","            options,","            onError","        ) {","        /*","         * this function will test buildApidoc's default handling-behavior-behavior","         */","            options = { modulePathList: module.paths };","            local.buildApidoc(options, onError);","        };","","        local.testCase_buildApp_default = local.testCase_buildApp_default || function (","            options,","            onError","        ) {","        /*","         * this function will test buildApp's default handling-behavior-behavior","         */","            local.testCase_buildReadme_default(options, local.onErrorThrow);","            local.testCase_buildLib_default(options, local.onErrorThrow);","            local.testCase_buildTest_default(options, local.onErrorThrow);","            local.testCase_buildCustomOrg_default(options, local.onErrorThrow);","            options = [];","            local.buildApp(options, onError);","        };","","        local.testCase_buildCustomOrg_default = local.testCase_buildCustomOrg_default ||","            function (options, onError) {","            /*","             * this function will test buildCustomOrg's default handling-behavior","             */","                options = {};","                local.buildCustomOrg(options, onError);","            };","","        local.testCase_buildLib_default = local.testCase_buildLib_default || function (","            options,","            onError","        ) {","        /*","         * this function will test buildLib's default handling-behavior","         */","            options = {};","            local.buildLib(options, onError);","        };","","        local.testCase_buildReadme_default = local.testCase_buildReadme_default || function (","            options,","            onError","        ) {","        /*","         * this function will test buildReadme's default handling-behavior-behavior","         */","            options = {};","            local.buildReadme(options, onError);","        };","","        local.testCase_buildTest_default = local.testCase_buildTest_default || function (","            options,","            onError","        ) {","        /*","         * this function will test buildTest's default handling-behavior","         */","            options = {};","            local.buildTest(options, onError);","        };","","        local.testCase_webpage_default = local.testCase_webpage_default || function (","            options,","            onError","        ) {","        /*","         * this function will test webpage's default handling-behavior","         */","            options = { modeCoverageMerge: true, url: local.serverLocalHost + '?modeTest=1' };","            local.browserTest(options, onError);","        };","","        // run test-server","        local.testRunServer(local);","        break;","    }","}());",""],"l":{"12":2,"14":2,"19":2,"21":2,"23":2,"24":2,"25":2,"30":1,"37":2,"40":2,"43":1,"47":1,"50":1,"52":1,"55":2,"61":2,"62":2,"64":2,"70":1,"76":1,"82":2,"83":2,"85":2,"92":1,"95":1,"102":1,"109":1,"110":1,"113":1,"120":1,"121":1,"122":1,"123":1,"124":1,"125":1,"128":1,"133":2,"134":2,"137":1,"144":2,"145":2,"148":1,"155":2,"156":2,"159":1,"166":2,"167":2,"170":1,"177":1,"178":1,"182":1,"183":1}},"/home/travis/build/npmtest/node-npmtest-ytdl-core/lib.npmtest_ytdl_core.js":{"path":"/home/travis/build/npmtest/node-npmtest-ytdl-core/lib.npmtest_ytdl_core.js","s":{"1":2,"2":2,"3":2,"4":2,"5":2,"6":2,"7":2,"8":1,"9":2,"10":2,"11":2,"12":2,"13":1,"14":1,"15":1,"16":1},"b":{"1":[2,1,1,1],"2":[1,1,1,1],"3":[1,1],"4":[2,2],"5":[1,1]},"f":{"1":2,"2":2,"3":2},"fnMap":{"1":{"name":"(anonymous_1)","line":12,"loc":{"start":{"line":12,"column":1},"end":{"line":12,"column":13}}},"2":{"name":"(anonymous_2)","line":19,"loc":{"start":{"line":19,"column":5},"end":{"line":19,"column":17}}},"3":{"name":"(anonymous_3)","line":23,"loc":{"start":{"line":23,"column":24},"end":{"line":23,"column":36}}}},"statementMap":{"1":{"start":{"line":12,"column":0},"end":{"line":53,"column":5}},"2":{"start":{"line":14,"column":4},"end":{"line":14,"column":14}},"3":{"start":{"line":19,"column":4},"end":{"line":52,"column":9}},"4":{"start":{"line":21,"column":8},"end":{"line":21,"column":19}},"5":{"start":{"line":23,"column":8},"end":{"line":35,"column":13}},"6":{"start":{"line":24,"column":12},"end":{"line":34,"column":13}},"7":{"start":{"line":25,"column":16},"end":{"line":28,"column":30}},"8":{"start":{"line":30,"column":16},"end":{"line":33,"column":27}},"9":{"start":{"line":37,"column":8},"end":{"line":39,"column":21}},"10":{"start":{"line":41,"column":8},"end":{"line":41,"column":54}},"11":{"start":{"line":43,"column":8},"end":{"line":43,"column":54}},"12":{"start":{"line":45,"column":8},"end":{"line":51,"column":9}},"13":{"start":{"line":46,"column":12},"end":{"line":46,"column":60}},"14":{"start":{"line":48,"column":12},"end":{"line":48,"column":35}},"15":{"start":{"line":49,"column":12},"end":{"line":49,"column":49}},"16":{"start":{"line":50,"column":12},"end":{"line":50,"column":43}}},"branchMap":{"1":{"line":25,"type":"binary-expr","locations":[{"start":{"line":25,"column":23},"end":{"line":25,"column":62}},{"start":{"line":26,"column":20},"end":{"line":26,"column":70}},{"start":{"line":27,"column":20},"end":{"line":27,"column":71}},{"start":{"line":28,"column":20},"end":{"line":28,"column":29}}]},"2":{"line":30,"type":"binary-expr","locations":[{"start":{"line":30,"column":23},"end":{"line":30,"column":37}},{"start":{"line":31,"column":20},"end":{"line":31,"column":61}},{"start":{"line":32,"column":20},"end":{"line":32,"column":70}},{"start":{"line":33,"column":20},"end":{"line":33,"column":26}}]},"3":{"line":37,"type":"cond-expr","locations":[{"start":{"line":38,"column":14},"end":{"line":38,"column":20}},{"start":{"line":39,"column":14},"end":{"line":39,"column":20}}]},"4":{"line":41,"type":"binary-expr","locations":[{"start":{"line":41,"column":16},"end":{"line":41,"column":44}},{"start":{"line":41,"column":48},"end":{"line":41,"column":53}}]},"5":{"line":45,"type":"if","locations":[{"start":{"line":45,"column":8},"end":{"line":45,"column":8}},{"start":{"line":45,"column":8},"end":{"line":45,"column":8}}]}},"code":["/* istanbul instrument in package npmtest_ytdl_core */","/*jslint","    bitwise: true,","    browser: true,","    maxerr: 8,","    maxlen: 96,","    node: true,","    nomen: true,","    regexp: true,","    stupid: true","*/","(function () {","    'use strict';","    var local;","","","","    // run shared js-env code - pre-init","    (function () {","        // init local","        local = {};","        // init modeJs","        local.modeJs = (function () {","            try {","                return typeof navigator.userAgent === 'string' &&","                    typeof document.querySelector('body') === 'object' &&","                    typeof XMLHttpRequest.prototype.open === 'function' &&","                    'browser';","            } catch (errorCaughtBrowser) {","                return module.exports &&","                    typeof process.versions.node === 'string' &&","                    typeof require('http').createServer === 'function' &&","                    'node';","            }","        }());","        // init global","        local.global = local.modeJs === 'browser'","            ? window","            : global;","        // init utility2_rollup","        local = local.global.utility2_rollup || local;","        // init lib","        local.local = local.npmtest_ytdl_core = local;","        // init exports","        if (local.modeJs === 'browser') {","            local.global.utility2_npmtest_ytdl_core = local;","        } else {","            module.exports = local;","            module.exports.__dirname = __dirname;","            module.exports.module = module;","        }","    }());","}());",""],"l":{"12":2,"14":2,"19":2,"21":2,"23":2,"24":2,"25":2,"30":1,"37":2,"41":2,"43":2,"45":2,"46":1,"48":1,"49":1,"50":1}},"/home/travis/build/npmtest/node-npmtest-ytdl-core/example.js":{"path":"/home/travis/build/npmtest/node-npmtest-ytdl-core/example.js","s":{"1":2,"2":2,"3":2,"4":2,"5":2,"6":2,"7":2,"8":1,"9":2,"10":2,"11":2,"12":2,"13":1,"14":2,"15":2,"16":2,"17":2,"18":2,"19":0,"20":2,"21":1,"22":1,"23":1,"24":1,"25":1,"26":0,"27":0,"28":1,"29":1,"30":2,"31":0,"32":0,"33":0,"34":1,"35":2,"36":2,"37":2,"38":2,"39":2,"40":2,"41":0,"42":2,"43":2,"44":2,"45":1,"46":3,"47":1,"48":1,"49":1,"50":1,"51":1,"52":1,"53":1,"54":1,"55":1,"56":1,"57":0,"58":1,"59":6,"60":6,"61":1,"62":2,"63":0,"64":2,"65":1,"66":1,"67":0,"68":0,"69":0,"70":0,"71":0,"72":0,"73":0,"74":0,"75":0,"76":0,"77":0,"78":0,"79":0,"80":0,"81":0,"82":0,"83":0},"b":{"1":[2,1,1,1],"2":[1,1,1,1],"3":[1,1],"4":[2,2],"5":[1,1],"6":[1,1],"7":[2,0],"8":[2,1,1,1,1,1],"9":[0,2,0],"10":[1,1],"11":[2,1,1],"12":[1,0],"13":[0,2],"14":[2,0,0,0,0,0,0],"15":[0,2],"16":[2,0],"17":[1,1],"18":[0,1],"19":[1,2,0,2],"20":[1,0],"21":[1,1],"22":[0,0],"23":[0,0],"24":[0,0],"25":[0,0],"26":[0,0],"27":[0,0],"28":[0,0]},"f":{"1":2,"2":2,"3":2,"4":2,"5":2,"6":2,"7":2,"8":2,"9":3,"10":1,"11":6,"12":0},"fnMap":{"1":{"name":"(anonymous_1)","line":26,"loc":{"start":{"line":26,"column":1},"end":{"line":26,"column":13}}},"2":{"name":"(anonymous_2)","line":33,"loc":{"start":{"line":33,"column":5},"end":{"line":33,"column":17}}},"3":{"name":"(anonymous_3)","line":37,"loc":{"start":{"line":37,"column":24},"end":{"line":37,"column":36}}},"4":{"name":"(anonymous_4)","line":69,"loc":{"start":{"line":69,"column":31},"end":{"line":69,"column":48}},"skip":true},"5":{"name":"(anonymous_5)","line":78,"loc":{"start":{"line":78,"column":26},"end":{"line":78,"column":45}},"skip":true},"6":{"name":"(anonymous_6)","line":123,"loc":{"start":{"line":123,"column":33},"end":{"line":123,"column":48}},"skip":true},"7":{"name":"(anonymous_7)","line":125,"loc":{"start":{"line":125,"column":27},"end":{"line":125,"column":39}},"skip":true},"8":{"name":"(anonymous_8)","line":133,"loc":{"start":{"line":133,"column":59},"end":{"line":133,"column":74}},"skip":true},"9":{"name":"(anonymous_9)","line":143,"loc":{"start":{"line":143,"column":45},"end":{"line":143,"column":62}},"skip":true},"10":{"name":"(anonymous_10)","line":144,"loc":{"start":{"line":144,"column":73},"end":{"line":144,"column":92}},"skip":true},"11":{"name":"(anonymous_11)","line":272,"loc":{"start":{"line":272,"column":51},"end":{"line":272,"column":77}},"skip":true},"12":{"name":"(anonymous_12)","line":314,"loc":{"start":{"line":314,"column":32},"end":{"line":314,"column":61}},"skip":true}},"statementMap":{"1":{"start":{"line":26,"column":0},"end":{"line":325,"column":5}},"2":{"start":{"line":28,"column":4},"end":{"line":28,"column":14}},"3":{"start":{"line":33,"column":4},"end":{"line":60,"column":9}},"4":{"start":{"line":35,"column":8},"end":{"line":35,"column":19}},"5":{"start":{"line":37,"column":8},"end":{"line":49,"column":13}},"6":{"start":{"line":38,"column":12},"end":{"line":48,"column":13}},"7":{"start":{"line":39,"column":16},"end":{"line":42,"column":30}},"8":{"start":{"line":44,"column":16},"end":{"line":47,"column":27}},"9":{"start":{"line":51,"column":8},"end":{"line":53,"column":21}},"10":{"start":{"line":55,"column":8},"end":{"line":57,"column":45}},"11":{"start":{"line":59,"column":8},"end":{"line":59,"column":35}},"12":{"start":{"line":61,"column":4},"end":{"line":324,"column":5}},"13":{"start":{"line":69,"column":8},"end":{"line":121,"column":10},"skip":true},"14":{"start":{"line":70,"column":12},"end":{"line":88,"column":13},"skip":true},"15":{"start":{"line":76,"column":16},"end":{"line":87,"column":19},"skip":true},"16":{"start":{"line":79,"column":20},"end":{"line":86,"column":21},"skip":true},"17":{"start":{"line":82,"column":24},"end":{"line":82,"column":43},"skip":true},"18":{"start":{"line":83,"column":24},"end":{"line":83,"column":30},"skip":true},"19":{"start":{"line":85,"column":24},"end":{"line":85,"column":49},"skip":true},"20":{"start":{"line":89,"column":12},"end":{"line":107,"column":13},"skip":true},"21":{"start":{"line":92,"column":16},"end":{"line":102,"column":17},"skip":true},"22":{"start":{"line":93,"column":20},"end":{"line":93,"column":86},"skip":true},"23":{"start":{"line":94,"column":20},"end":{"line":95,"column":45},"skip":true},"24":{"start":{"line":96,"column":20},"end":{"line":96,"column":42},"skip":true},"25":{"start":{"line":97,"column":20},"end":{"line":97,"column":48},"skip":true},"26":{"start":{"line":100,"column":20},"end":{"line":100,"column":85},"skip":true},"27":{"start":{"line":101,"column":20},"end":{"line":101,"column":96},"skip":true},"28":{"start":{"line":103,"column":16},"end":{"line":103,"column":22},"skip":true},"29":{"start":{"line":106,"column":16},"end":{"line":106,"column":22},"skip":true},"30":{"start":{"line":108,"column":12},"end":{"line":120,"column":13},"skip":true},"31":{"start":{"line":114,"column":16},"end":{"line":119,"column":17},"skip":true},"32":{"start":{"line":116,"column":20},"end":{"line":116,"column":78},"skip":true},"33":{"start":{"line":118,"column":20},"end":{"line":118,"column":47},"skip":true},"34":{"start":{"line":123,"column":8},"end":{"line":141,"column":11},"skip":true},"35":{"start":{"line":124,"column":12},"end":{"line":124,"column":54},"skip":true},"36":{"start":{"line":125,"column":12},"end":{"line":140,"column":14},"skip":true},"37":{"start":{"line":126,"column":16},"end":{"line":126,"column":28},"skip":true},"38":{"start":{"line":127,"column":16},"end":{"line":127,"column":69},"skip":true},"39":{"start":{"line":128,"column":16},"end":{"line":128,"column":75},"skip":true},"40":{"start":{"line":129,"column":16},"end":{"line":131,"column":17},"skip":true},"41":{"start":{"line":130,"column":20},"end":{"line":130,"column":27},"skip":true},"42":{"start":{"line":133,"column":16},"end":{"line":137,"column":36},"skip":true},"43":{"start":{"line":134,"column":20},"end":{"line":136,"column":55},"skip":true},"44":{"start":{"line":139,"column":16},"end":{"line":139,"column":57},"skip":true},"45":{"start":{"line":143,"column":8},"end":{"line":147,"column":11},"skip":true},"46":{"start":{"line":144,"column":12},"end":{"line":146,"column":15},"skip":true},"47":{"start":{"line":145,"column":16},"end":{"line":145,"column":70},"skip":true},"48":{"start":{"line":149,"column":8},"end":{"line":149,"column":31},"skip":true},"49":{"start":{"line":150,"column":8},"end":{"line":150,"column":14},"skip":true},"50":{"start":{"line":158,"column":8},"end":{"line":158,"column":31},"skip":true},"51":{"start":{"line":160,"column":8},"end":{"line":160,"column":33},"skip":true},"52":{"start":{"line":161,"column":8},"end":{"line":161,"column":37},"skip":true},"53":{"start":{"line":162,"column":8},"end":{"line":162,"column":35},"skip":true},"54":{"start":{"line":164,"column":8},"end":{"line":164,"column":50},"skip":true},"55":{"start":{"line":166,"column":8},"end":{"line":256,"column":2},"skip":true},"56":{"start":{"line":258,"column":8},"end":{"line":286,"column":9},"skip":true},"57":{"start":{"line":259,"column":12},"end":{"line":269,"column":14},"skip":true},"58":{"start":{"line":271,"column":12},"end":{"line":285,"column":19},"skip":true},"59":{"start":{"line":274,"column":20},"end":{"line":274,"column":35},"skip":true},"60":{"start":{"line":275,"column":20},"end":{"line":284,"column":21},"skip":true},"61":{"start":{"line":277,"column":24},"end":{"line":277,"column":64},"skip":true},"62":{"start":{"line":279,"column":24},"end":{"line":279,"column":40},"skip":true},"63":{"start":{"line":281,"column":24},"end":{"line":281,"column":40},"skip":true},"64":{"start":{"line":283,"column":24},"end":{"line":283,"column":39},"skip":true},"65":{"start":{"line":288,"column":8},"end":{"line":290,"column":9},"skip":true},"66":{"start":{"line":289,"column":12},"end":{"line":289,"column":18},"skip":true},"67":{"start":{"line":291,"column":8},"end":{"line":293,"column":54},"skip":true},"68":{"start":{"line":294,"column":8},"end":{"line":301,"column":37},"skip":true},"69":{"start":{"line":302,"column":8},"end":{"line":302,"column":82},"skip":true},"70":{"start":{"line":305,"column":8},"end":{"line":307,"column":9},"skip":true},"71":{"start":{"line":306,"column":12},"end":{"line":306,"column":82},"skip":true},"72":{"start":{"line":309,"column":8},"end":{"line":311,"column":9},"skip":true},"73":{"start":{"line":310,"column":12},"end":{"line":310,"column":18},"skip":true},"74":{"start":{"line":312,"column":8},"end":{"line":312,"column":54},"skip":true},"75":{"start":{"line":313,"column":8},"end":{"line":313,"column":69},"skip":true},"76":{"start":{"line":314,"column":8},"end":{"line":322,"column":36},"skip":true},"77":{"start":{"line":315,"column":12},"end":{"line":315,"column":61},"skip":true},"78":{"start":{"line":316,"column":12},"end":{"line":319,"column":13},"skip":true},"79":{"start":{"line":317,"column":16},"end":{"line":317,"column":75},"skip":true},"80":{"start":{"line":318,"column":16},"end":{"line":318,"column":23},"skip":true},"81":{"start":{"line":320,"column":12},"end":{"line":320,"column":38},"skip":true},"82":{"start":{"line":321,"column":12},"end":{"line":321,"column":27},"skip":true},"83":{"start":{"line":323,"column":8},"end":{"line":323,"column":14},"skip":true}},"branchMap":{"1":{"line":39,"type":"binary-expr","locations":[{"start":{"line":39,"column":23},"end":{"line":39,"column":62}},{"start":{"line":40,"column":20},"end":{"line":40,"column":70}},{"start":{"line":41,"column":20},"end":{"line":41,"column":71}},{"start":{"line":42,"column":20},"end":{"line":42,"column":29}}]},"2":{"line":44,"type":"binary-expr","locations":[{"start":{"line":44,"column":23},"end":{"line":44,"column":37}},{"start":{"line":45,"column":20},"end":{"line":45,"column":61}},{"start":{"line":46,"column":20},"end":{"line":46,"column":70}},{"start":{"line":47,"column":20},"end":{"line":47,"column":26}}]},"3":{"line":51,"type":"cond-expr","locations":[{"start":{"line":52,"column":14},"end":{"line":52,"column":20}},{"start":{"line":53,"column":14},"end":{"line":53,"column":20}}]},"4":{"line":55,"type":"binary-expr","locations":[{"start":{"line":55,"column":16},"end":{"line":55,"column":44}},{"start":{"line":55,"column":49},"end":{"line":57,"column":43}}]},"5":{"line":55,"type":"cond-expr","locations":[{"start":{"line":56,"column":14},"end":{"line":56,"column":53}},{"start":{"line":57,"column":14},"end":{"line":57,"column":43}}]},"6":{"line":61,"type":"switch","locations":[{"start":{"line":68,"column":4},"end":{"line":150,"column":14},"skip":true},{"start":{"line":156,"column":4},"end":{"line":323,"column":14},"skip":true}]},"7":{"line":70,"type":"if","locations":[{"start":{"line":70,"column":12},"end":{"line":70,"column":12},"skip":true},{"start":{"line":70,"column":12},"end":{"line":70,"column":12},"skip":true}]},"8":{"line":70,"type":"binary-expr","locations":[{"start":{"line":70,"column":16},"end":{"line":70,"column":22},"skip":true},{"start":{"line":70,"column":27},"end":{"line":70,"column":32},"skip":true},{"start":{"line":71,"column":20},"end":{"line":71,"column":39},"skip":true},{"start":{"line":72,"column":20},"end":{"line":72,"column":49},"skip":true},{"start":{"line":73,"column":20},"end":{"line":73,"column":58},"skip":true},{"start":{"line":74,"column":20},"end":{"line":74,"column":69},"skip":true}]},"9":{"line":79,"type":"switch","locations":[{"start":{"line":80,"column":20},"end":{"line":80,"column":33},"skip":true},{"start":{"line":81,"column":20},"end":{"line":83,"column":30},"skip":true},{"start":{"line":84,"column":20},"end":{"line":85,"column":49},"skip":true}]},"10":{"line":89,"type":"switch","locations":[{"start":{"line":90,"column":12},"end":{"line":103,"column":22},"skip":true},{"start":{"line":105,"column":12},"end":{"line":106,"column":22},"skip":true}]},"11":{"line":89,"type":"binary-expr","locations":[{"start":{"line":89,"column":20},"end":{"line":89,"column":25},"skip":true},{"start":{"line":89,"column":29},"end":{"line":89,"column":48},"skip":true},{"start":{"line":89,"column":52},"end":{"line":89,"column":74},"skip":true}]},"12":{"line":92,"type":"if","locations":[{"start":{"line":92,"column":16},"end":{"line":92,"column":16},"skip":true},{"start":{"line":92,"column":16},"end":{"line":92,"column":16},"skip":true}]},"13":{"line":108,"type":"if","locations":[{"start":{"line":108,"column":12},"end":{"line":108,"column":12},"skip":true},{"start":{"line":108,"column":12},"end":{"line":108,"column":12},"skip":true}]},"14":{"line":108,"type":"binary-expr","locations":[{"start":{"line":108,"column":16},"end":{"line":108,"column":61},"skip":true},{"start":{"line":108,"column":66},"end":{"line":108,"column":72},"skip":true},{"start":{"line":108,"column":77},"end":{"line":108,"column":82},"skip":true},{"start":{"line":109,"column":20},"end":{"line":109,"column":39},"skip":true},{"start":{"line":110,"column":20},"end":{"line":110,"column":49},"skip":true},{"start":{"line":111,"column":20},"end":{"line":111,"column":58},"skip":true},{"start":{"line":112,"column":20},"end":{"line":112,"column":68},"skip":true}]},"15":{"line":129,"type":"if","locations":[{"start":{"line":129,"column":16},"end":{"line":129,"column":16},"skip":true},{"start":{"line":129,"column":16},"end":{"line":129,"column":16},"skip":true}]},"16":{"line":134,"type":"cond-expr","locations":[{"start":{"line":135,"column":26},"end":{"line":135,"column":29},"skip":true},{"start":{"line":136,"column":26},"end":{"line":136,"column":54},"skip":true}]},"17":{"line":164,"type":"binary-expr","locations":[{"start":{"line":164,"column":27},"end":{"line":164,"column":43},"skip":true},{"start":{"line":164,"column":47},"end":{"line":164,"column":49},"skip":true}]},"18":{"line":258,"type":"if","locations":[{"start":{"line":258,"column":8},"end":{"line":258,"column":8},"skip":true},{"start":{"line":258,"column":8},"end":{"line":258,"column":8},"skip":true}]},"19":{"line":275,"type":"switch","locations":[{"start":{"line":276,"column":20},"end":{"line":277,"column":64},"skip":true},{"start":{"line":278,"column":20},"end":{"line":279,"column":40},"skip":true},{"start":{"line":280,"column":20},"end":{"line":281,"column":40},"skip":true},{"start":{"line":282,"column":20},"end":{"line":283,"column":39},"skip":true}]},"20":{"line":288,"type":"if","locations":[{"start":{"line":288,"column":8},"end":{"line":288,"column":8},"skip":true},{"start":{"line":288,"column":8},"end":{"line":288,"column":8},"skip":true}]},"21":{"line":288,"type":"binary-expr","locations":[{"start":{"line":288,"column":12},"end":{"line":288,"column":40},"skip":true},{"start":{"line":288,"column":44},"end":{"line":288,"column":67},"skip":true}]},"22":{"line":292,"type":"binary-expr","locations":[{"start":{"line":292,"column":12},"end":{"line":292,"column":50},"skip":true},{"start":{"line":293,"column":12},"end":{"line":293,"column":53},"skip":true}]},"23":{"line":295,"type":"binary-expr","locations":[{"start":{"line":295,"column":12},"end":{"line":295,"column":67},"skip":true},{"start":{"line":296,"column":12},"end":{"line":301,"column":36},"skip":true}]},"24":{"line":302,"type":"binary-expr","locations":[{"start":{"line":302,"column":43},"end":{"line":302,"column":75},"skip":true},{"start":{"line":302,"column":79},"end":{"line":302,"column":81},"skip":true}]},"25":{"line":305,"type":"if","locations":[{"start":{"line":305,"column":8},"end":{"line":305,"column":8},"skip":true},{"start":{"line":305,"column":8},"end":{"line":305,"column":8},"skip":true}]},"26":{"line":309,"type":"if","locations":[{"start":{"line":309,"column":8},"end":{"line":309,"column":8},"skip":true},{"start":{"line":309,"column":8},"end":{"line":309,"column":8},"skip":true}]},"27":{"line":312,"type":"binary-expr","locations":[{"start":{"line":312,"column":27},"end":{"line":312,"column":43},"skip":true},{"start":{"line":312,"column":47},"end":{"line":312,"column":53},"skip":true}]},"28":{"line":316,"type":"if","locations":[{"start":{"line":316,"column":12},"end":{"line":316,"column":12},"skip":true},{"start":{"line":316,"column":12},"end":{"line":316,"column":12},"skip":true}]}},"code":["/*","example.js","","quickstart example","","instruction","    1. save this script as example.js","    2. run the shell command:","        $ npm install npmtest-ytdl-core && PORT=8081 node example.js","    3. play with the browser-demo on http://127.0.0.1:8081","*/","","","","/* istanbul instrument in package npmtest_ytdl_core */","/*jslint","    bitwise: true,","    browser: true,","    maxerr: 8,","    maxlen: 96,","    node: true,","    nomen: true,","    regexp: true,","    stupid: true","*/","(function () {","    'use strict';","    var local;","","","","    // run shared js-env code - pre-init","    (function () {","        // init local","        local = {};","        // init modeJs","        local.modeJs = (function () {","            try {","                return typeof navigator.userAgent === 'string' &&","                    typeof document.querySelector('body') === 'object' &&","                    typeof XMLHttpRequest.prototype.open === 'function' &&","                    'browser';","            } catch (errorCaughtBrowser) {","                return module.exports &&","                    typeof process.versions.node === 'string' &&","                    typeof require('http').createServer === 'function' &&","                    'node';","            }","        }());","        // init global","        local.global = local.modeJs === 'browser'","            ? window","            : global;","        // init utility2_rollup","        local = local.global.utility2_rollup || (local.modeJs === 'browser'","            ? local.global.utility2_npmtest_ytdl_core","            : global.utility2_moduleExports);","        // export local","        local.global.local = local;","    }());","    switch (local.modeJs) {","","","","    // post-init","    // run browser js-env code - post-init","    /* istanbul ignore next */","    case 'browser':","        local.testRunBrowser = function (event) {","            if (!event || (event &&","                    event.currentTarget &&","                    event.currentTarget.className &&","                    event.currentTarget.className.includes &&","                    event.currentTarget.className.includes('onreset'))) {","                // reset output","                Array.from(","                    document.querySelectorAll('body > .resettable')","                ).forEach(function (element) {","                    switch (element.tagName) {","                    case 'INPUT':","                    case 'TEXTAREA':","                        element.value = '';","                        break;","                    default:","                        element.textContent = '';","                    }","                });","            }","            switch (event && event.currentTarget && event.currentTarget.id) {","            case 'testRunButton1':","                // show tests","                if (document.querySelector('#testReportDiv1').style.display === 'none') {","                    document.querySelector('#testReportDiv1').style.display = 'block';","                    document.querySelector('#testRunButton1').textContent =","                        'hide internal test';","                    local.modeTest = true;","                    local.testRunDefault(local);","                // hide tests","                } else {","                    document.querySelector('#testReportDiv1').style.display = 'none';","                    document.querySelector('#testRunButton1').textContent = 'run internal test';","                }","                break;","            // custom-case","            default:","                break;","            }","            if (document.querySelector('#inputTextareaEval1') && (!event || (event &&","                    event.currentTarget &&","                    event.currentTarget.className &&","                    event.currentTarget.className.includes &&","                    event.currentTarget.className.includes('oneval')))) {","                // try to eval input-code","                try {","                    /*jslint evil: true*/","                    eval(document.querySelector('#inputTextareaEval1').value);","                } catch (errorCaught) {","                    console.error(errorCaught);","                }","            }","        };","        // log stderr and stdout to #outputTextareaStdout1","        ['error', 'log'].forEach(function (key) {","            console[key + '_original'] = console[key];","            console[key] = function () {","                var element;","                console[key + '_original'].apply(console, arguments);","                element = document.querySelector('#outputTextareaStdout1');","                if (!element) {","                    return;","                }","                // append text to #outputTextareaStdout1","                element.value += Array.from(arguments).map(function (arg) {","                    return typeof arg === 'string'","                        ? arg","                        : JSON.stringify(arg, null, 4);","                }).join(' ') + '\\n';","                // scroll textarea to bottom","                element.scrollTop = element.scrollHeight;","            };","        });","        // init event-handling","        ['change', 'click', 'keyup'].forEach(function (event) {","            Array.from(document.querySelectorAll('.on' + event)).forEach(function (element) {","                element.addEventListener(event, local.testRunBrowser);","            });","        });","        // run tests","        local.testRunBrowser();","        break;","","","","    // run node js-env code - post-init","    /* istanbul ignore next */","    case 'node':","        // export local","        module.exports = local;","        // require modules","        local.fs = require('fs');","        local.http = require('http');","        local.url = require('url');","        // init assets","        local.assetsDict = local.assetsDict || {};","        /* jslint-ignore-begin */","        local.assetsDict['/assets.index.template.html'] = '\\","<!doctype html>\\n\\","<html lang=\"en\">\\n\\","<head>\\n\\","<meta charset=\"UTF-8\">\\n\\","<meta name=\"viewport\" content=\"width=device-width, initial-scale=1\">\\n\\","<title>{{env.npm_package_name}} (v{{env.npm_package_version}})</title>\\n\\","<style>\\n\\","/*csslint\\n\\","    box-sizing: false,\\n\\","    universal-selector: false\\n\\","*/\\n\\","* {\\n\\","    box-sizing: border-box;\\n\\","}\\n\\","body {\\n\\","    background: #dde;\\n\\","    font-family: Arial, Helvetica, sans-serif;\\n\\","    margin: 2rem;\\n\\","}\\n\\","body > * {\\n\\","    margin-bottom: 1rem;\\n\\","}\\n\\",".utility2FooterDiv {\\n\\","    margin-top: 20px;\\n\\","    text-align: center;\\n\\","}\\n\\","</style>\\n\\","<style>\\n\\","/*csslint\\n\\","*/\\n\\","textarea {\\n\\","    font-family: monospace;\\n\\","    height: 10rem;\\n\\","    width: 100%;\\n\\","}\\n\\","textarea[readonly] {\\n\\","    background: #ddd;\\n\\","}\\n\\","</style>\\n\\","</head>\\n\\","<body>\\n\\","<!-- utility2-comment\\n\\","<div id=\"ajaxProgressDiv1\" style=\"background: #d00; height: 2px; left: 0; margin: 0; padding: 0; position: fixed; top: 0; transition: background 0.5s, width 1.5s; width: 25%;\"></div>\\n\\","utility2-comment -->\\n\\","<h1>\\n\\","<!-- utility2-comment\\n\\","    <a\\n\\","        {{#if env.npm_package_homepage}}\\n\\","        href=\"{{env.npm_package_homepage}}\"\\n\\","        {{/if env.npm_package_homepage}}\\n\\","        target=\"_blank\"\\n\\","    >\\n\\","utility2-comment -->\\n\\","        {{env.npm_package_name}} (v{{env.npm_package_version}})\\n\\","<!-- utility2-comment\\n\\","    </a>\\n\\","utility2-comment -->\\n\\","</h1>\\n\\","<h3>{{env.npm_package_description}}</h3>\\n\\","<!-- utility2-comment\\n\\","<h4><a download href=\"assets.app.js\">download standalone app</a></h4>\\n\\","<button class=\"onclick onreset\" id=\"testRunButton1\">run internal test</button><br>\\n\\","<div id=\"testReportDiv1\" style=\"display: none;\"></div>\\n\\","utility2-comment -->\\n\\","\\n\\","\\n\\","\\n\\","<label>stderr and stdout</label>\\n\\","<textarea class=\"resettable\" id=\"outputTextareaStdout1\" readonly></textarea>\\n\\","<!-- utility2-comment\\n\\","{{#if isRollup}}\\n\\","<script src=\"assets.app.js\"></script>\\n\\","{{#unless isRollup}}\\n\\","utility2-comment -->\\n\\","<script src=\"assets.utility2.rollup.js\"></script>\\n\\","<script src=\"jsonp.utility2._stateInit?callback=window.utility2._stateInit\"></script>\\n\\","<script src=\"assets.npmtest_ytdl_core.rollup.js\"></script>\\n\\","<script src=\"assets.example.js\"></script>\\n\\","<script src=\"assets.test.js\"></script>\\n\\","<!-- utility2-comment\\n\\","{{/if isRollup}}\\n\\","utility2-comment -->\\n\\","<div class=\"utility2FooterDiv\">\\n\\","    [ this app was created with\\n\\","    <a href=\"https://github.com/kaizhu256/node-utility2\" target=\"_blank\">utility2</a>\\n\\","    ]\\n\\","</div>\\n\\","</body>\\n\\","</html>\\n\\","';","        /* jslint-ignore-end */","        if (local.templateRender) {","            local.assetsDict['/'] = local.templateRender(","                local.assetsDict['/assets.index.template.html'],","                {","                    env: local.objectSetDefault(local.env, {","                        npm_package_description: 'the greatest app in the world!',","                        npm_package_name: 'my-app',","                        npm_package_nameAlias: 'my_app',","                        npm_package_version: '0.0.1'","                    })","                }","            );","        } else {","            local.assetsDict['/'] = local.assetsDict['/assets.index.template.html']","                .replace((/\\{\\{env\\.(\\w+?)\\}\\}/g), function (match0, match1) {","                    // jslint-hack","                    String(match0);","                    switch (match1) {","                    case 'npm_package_description':","                        return 'the greatest app in the world!';","                    case 'npm_package_name':","                        return 'my-app';","                    case 'npm_package_nameAlias':","                        return 'my_app';","                    case 'npm_package_version':","                        return '0.0.1';","                    }","                });","        }","        // run the cli","        if (local.global.utility2_rollup || module !== require.main) {","            break;","        }","        local.assetsDict['/assets.example.js'] =","            local.assetsDict['/assets.example.js'] ||","            local.fs.readFileSync(__filename, 'utf8');","        local.assetsDict['/assets.npmtest_ytdl_core.rollup.js'] =","            local.assetsDict['/assets.npmtest_ytdl_core.rollup.js'] ||","            local.fs.readFileSync(","                // buildCustomOrg-hack","                local.npmtest_ytdl_core.__dirname +","                    '/lib.npmtest_ytdl_core.js',","                'utf8'","            ).replace((/^#!/), '//');","        local.assetsDict['/favicon.ico'] = local.assetsDict['/favicon.ico'] || '';","        // if $npm_config_timeout_exit exists,","        // then exit this process after $npm_config_timeout_exit ms","        if (Number(process.env.npm_config_timeout_exit)) {","            setTimeout(process.exit, Number(process.env.npm_config_timeout_exit));","        }","        // start server","        if (local.global.utility2_serverHttp1) {","            break;","        }","        process.env.PORT = process.env.PORT || '8081';","        console.error('server starting on port ' + process.env.PORT);","        local.http.createServer(function (request, response) {","            request.urlParsed = local.url.parse(request.url);","            if (local.assetsDict[request.urlParsed.pathname] !== undefined) {","                response.end(local.assetsDict[request.urlParsed.pathname]);","                return;","            }","            response.statusCode = 404;","            response.end();","        }).listen(process.env.PORT);","        break;","    }","}());",""],"l":{"26":2,"28":2,"33":2,"35":2,"37":2,"38":2,"39":2,"44":1,"51":2,"55":2,"59":2,"61":2,"69":1,"70":2,"76":2,"79":2,"82":2,"83":2,"85":1,"89":2,"92":1,"93":1,"94":1,"96":1,"97":1,"100":1,"101":1,"103":1,"106":1,"108":2,"114":1,"116":1,"118":1,"123":1,"124":2,"125":2,"126":2,"127":2,"128":2,"129":2,"130":1,"133":2,"134":2,"139":2,"143":1,"144":3,"145":1,"149":1,"150":1,"158":1,"160":1,"161":1,"162":1,"164":1,"166":1,"258":1,"259":1,"271":1,"274":6,"275":6,"277":1,"279":2,"281":1,"283":2,"288":1,"289":1,"291":1,"294":1,"302":1,"305":1,"306":1,"309":1,"310":1,"312":1,"313":1,"314":1,"315":1,"316":1,"317":1,"318":1,"320":1,"321":1,"323":1}},"/home/travis/build/npmtest/node-npmtest-ytdl-core/node_modules/ytdl-core/lib/index.js":{"path":"/home/travis/build/npmtest/node-npmtest-ytdl-core/node_modules/ytdl-core/lib/index.js","s":{"1":1,"2":1,"3":1,"4":1,"5":1,"6":1,"7":0,"8":0,"9":0,"10":0,"11":0,"12":0,"13":0,"14":1,"15":1,"16":1,"17":1,"18":1,"19":0,"20":0,"21":0,"22":0,"23":1,"24":0,"25":0,"26":0,"27":0,"28":0,"29":0,"30":0,"31":0,"32":0,"33":0,"34":0,"35":1,"36":1,"37":0,"38":0,"39":0,"40":0,"41":0,"42":0,"43":0,"44":0,"45":0,"46":0,"47":0,"48":0,"49":0,"50":0,"51":0,"52":0,"53":0,"54":0,"55":0,"56":0,"57":0,"58":0,"59":0,"60":0,"61":0,"62":0,"63":0,"64":0,"65":0,"66":0,"67":0,"68":0,"69":0,"70":0,"71":0,"72":0,"73":0,"74":0,"75":0,"76":0,"77":0,"78":0,"79":0,"80":0,"81":0,"82":0,"83":0,"84":0,"85":0,"86":0,"87":1,"88":0,"89":0,"90":0,"91":0},"b":{"1":[0,0],"2":[0,0,0],"3":[0,0],"4":[0,0],"5":[0,0],"6":[0,0],"7":[0,0],"8":[0,0],"9":[0,0],"10":[0,0],"11":[0,0],"12":[0,0],"13":[0,0],"14":[0,0],"15":[0,0,0],"16":[0,0],"17":[0,0],"18":[0,0],"19":[0,0],"20":[0,0],"21":[0,0],"22":[0,0],"23":[0,0],"24":[0,0],"25":[0,0]},"f":{"1":0,"2":0,"3":0,"4":0,"5":0,"6":0,"7":0,"8":0,"9":0,"10":0,"11":0,"12":0,"13":0,"14":0},"fnMap":{"1":{"name":"ytdl","line":13,"loc":{"start":{"line":13,"column":28},"end":{"line":13,"column":57}}},"2":{"name":"(anonymous_2)","line":15,"loc":{"start":{"line":15,"column":25},"end":{"line":15,"column":45}}},"3":{"name":"createStream","line":34,"loc":{"start":{"line":34,"column":0},"end":{"line":34,"column":31}}},"4":{"name":"(anonymous_4)","line":38,"loc":{"start":{"line":38,"column":19},"end":{"line":38,"column":30}}},"5":{"name":"downloadFromInfoCallback","line":50,"loc":{"start":{"line":50,"column":0},"end":{"line":50,"column":57}}},"6":{"name":"(anonymous_6)","line":55,"loc":{"start":{"line":55,"column":17},"end":{"line":55,"column":28}}},"7":{"name":"doDownload","line":90,"loc":{"start":{"line":90,"column":0},"end":{"line":90,"column":67}}},"8":{"name":"(anonymous_8)","line":114,"loc":{"start":{"line":114,"column":19},"end":{"line":114,"column":30}}},"9":{"name":"(anonymous_9)","line":124,"loc":{"start":{"line":124,"column":18},"end":{"line":124,"column":32}}},"10":{"name":"(anonymous_10)","line":130,"loc":{"start":{"line":130,"column":21},"end":{"line":130,"column":35}}},"11":{"name":"(anonymous_11)","line":150,"loc":{"start":{"line":150,"column":19},"end":{"line":150,"column":35}}},"12":{"name":"(anonymous_12)","line":155,"loc":{"start":{"line":155,"column":18},"end":{"line":155,"column":29}}},"13":{"name":"(anonymous_13)","line":181,"loc":{"start":{"line":181,"column":24},"end":{"line":181,"column":48}}},"14":{"name":"(anonymous_14)","line":183,"loc":{"start":{"line":183,"column":15},"end":{"line":183,"column":26}}}},"statementMap":{"1":{"start":{"line":1,"column":0},"end":{"line":1,"column":48}},"2":{"start":{"line":2,"column":0},"end":{"line":2,"column":39}},"3":{"start":{"line":3,"column":0},"end":{"line":3,"column":36}},"4":{"start":{"line":4,"column":0},"end":{"line":4,"column":36}},"5":{"start":{"line":5,"column":0},"end":{"line":5,"column":37}},"6":{"start":{"line":13,"column":0},"end":{"line":25,"column":2}},"7":{"start":{"line":14,"column":2},"end":{"line":14,"column":37}},"8":{"start":{"line":15,"column":2},"end":{"line":22,"column":5}},"9":{"start":{"line":16,"column":4},"end":{"line":19,"column":5}},"10":{"start":{"line":17,"column":6},"end":{"line":17,"column":32}},"11":{"start":{"line":18,"column":6},"end":{"line":18,"column":13}},"12":{"start":{"line":21,"column":4},"end":{"line":21,"column":52}},"13":{"start":{"line":24,"column":2},"end":{"line":24,"column":16}},"14":{"start":{"line":28,"column":0},"end":{"line":28,"column":23}},"15":{"start":{"line":29,"column":0},"end":{"line":29,"column":38}},"16":{"start":{"line":30,"column":0},"end":{"line":30,"column":40}},"17":{"start":{"line":31,"column":0},"end":{"line":31,"column":19}},"18":{"start":{"line":34,"column":0},"end":{"line":40,"column":1}},"19":{"start":{"line":35,"column":2},"end":{"line":37,"column":5}},"20":{"start":{"line":38,"column":2},"end":{"line":38,"column":62}},"21":{"start":{"line":38,"column":32},"end":{"line":38,"column":59}},"22":{"start":{"line":39,"column":2},"end":{"line":39,"column":16}},"23":{"start":{"line":50,"column":0},"end":{"line":75,"column":1}},"24":{"start":{"line":51,"column":2},"end":{"line":51,"column":26}},"25":{"start":{"line":52,"column":2},"end":{"line":52,"column":56}},"26":{"start":{"line":53,"column":2},"end":{"line":59,"column":3}},"27":{"start":{"line":55,"column":4},"end":{"line":57,"column":7}},"28":{"start":{"line":56,"column":6},"end":{"line":56,"column":35}},"29":{"start":{"line":58,"column":4},"end":{"line":58,"column":11}},"30":{"start":{"line":60,"column":2},"end":{"line":60,"column":36}},"31":{"start":{"line":62,"column":2},"end":{"line":62,"column":23}},"32":{"start":{"line":63,"column":2},"end":{"line":65,"column":3}},"33":{"start":{"line":64,"column":4},"end":{"line":64,"column":57}},"34":{"start":{"line":67,"column":2},"end":{"line":74,"column":5}},"35":{"start":{"line":78,"column":0},"end":{"line":78,"column":50}},"36":{"start":{"line":90,"column":0},"end":{"line":170,"column":1}},"37":{"start":{"line":91,"column":2},"end":{"line":91,"column":38}},"38":{"start":{"line":91,"column":29},"end":{"line":91,"column":36}},"39":{"start":{"line":92,"column":2},"end":{"line":95,"column":3}},"40":{"start":{"line":93,"column":4},"end":{"line":93,"column":58}},"41":{"start":{"line":94,"column":4},"end":{"line":94,"column":11}},"42":{"start":{"line":96,"column":2},"end":{"line":99,"column":3}},"43":{"start":{"line":97,"column":4},"end":{"line":97,"column":59}},"44":{"start":{"line":98,"column":4},"end":{"line":98,"column":11}},"45":{"start":{"line":102,"column":2},"end":{"line":102,"column":45}},"46":{"start":{"line":103,"column":2},"end":{"line":103,"column":22}},"47":{"start":{"line":104,"column":2},"end":{"line":110,"column":3}},"48":{"start":{"line":107,"column":4},"end":{"line":107,"column":69}},"49":{"start":{"line":108,"column":4},"end":{"line":108,"column":75}},"50":{"start":{"line":109,"column":4},"end":{"line":109,"column":47}},"51":{"start":{"line":111,"column":2},"end":{"line":111,"column":57}},"52":{"start":{"line":113,"column":2},"end":{"line":113,"column":12}},"53":{"start":{"line":114,"column":2},"end":{"line":122,"column":4}},"54":{"start":{"line":115,"column":4},"end":{"line":115,"column":31}},"55":{"start":{"line":116,"column":4},"end":{"line":116,"column":16}},"56":{"start":{"line":117,"column":4},"end":{"line":120,"column":5}},"57":{"start":{"line":118,"column":6},"end":{"line":118,"column":21}},"58":{"start":{"line":119,"column":6},"end":{"line":119,"column":22}},"59":{"start":{"line":121,"column":4},"end":{"line":121,"column":25}},"60":{"start":{"line":124,"column":2},"end":{"line":128,"column":5}},"61":{"start":{"line":125,"column":4},"end":{"line":127,"column":5}},"62":{"start":{"line":126,"column":6},"end":{"line":126,"column":32}},"63":{"start":{"line":130,"column":2},"end":{"line":167,"column":5}},"64":{"start":{"line":131,"column":4},"end":{"line":131,"column":16}},"65":{"start":{"line":132,"column":4},"end":{"line":132,"column":40}},"66":{"start":{"line":132,"column":31},"end":{"line":132,"column":38}},"67":{"start":{"line":134,"column":4},"end":{"line":143,"column":5}},"68":{"start":{"line":135,"column":6},"end":{"line":139,"column":7}},"69":{"start":{"line":137,"column":8},"end":{"line":137,"column":87}},"70":{"start":{"line":138,"column":8},"end":{"line":138,"column":15}},"71":{"start":{"line":140,"column":6},"end":{"line":140,"column":35}},"72":{"start":{"line":141,"column":6},"end":{"line":141,"column":71}},"73":{"start":{"line":142,"column":6},"end":{"line":142,"column":13}},"74":{"start":{"line":145,"column":4},"end":{"line":147,"column":5}},"75":{"start":{"line":146,"column":6},"end":{"line":146,"column":68}},"76":{"start":{"line":150,"column":4},"end":{"line":153,"column":7}},"77":{"start":{"line":151,"column":6},"end":{"line":151,"column":64}},"78":{"start":{"line":152,"column":6},"end":{"line":152,"column":77}},"79":{"start":{"line":155,"column":4},"end":{"line":163,"column":7}},"80":{"start":{"line":157,"column":6},"end":{"line":162,"column":7}},"81":{"start":{"line":158,"column":8},"end":{"line":158,"column":52}},"82":{"start":{"line":159,"column":8},"end":{"line":159,"column":66}},"83":{"start":{"line":161,"column":8},"end":{"line":161,"column":21}},"84":{"start":{"line":165,"column":4},"end":{"line":165,"column":36}},"85":{"start":{"line":166,"column":4},"end":{"line":166,"column":33}},"86":{"start":{"line":169,"column":2},"end":{"line":169,"column":30}},"87":{"start":{"line":181,"column":0},"end":{"line":187,"column":2}},"88":{"start":{"line":182,"column":2},"end":{"line":182,"column":37}},"89":{"start":{"line":183,"column":2},"end":{"line":185,"column":5}},"90":{"start":{"line":184,"column":4},"end":{"line":184,"column":52}},"91":{"start":{"line":186,"column":2},"end":{"line":186,"column":16}}},"branchMap":{"1":{"line":16,"type":"if","locations":[{"start":{"line":16,"column":4},"end":{"line":16,"column":4}},{"start":{"line":16,"column":4},"end":{"line":16,"column":4}}]},"2":{"line":36,"type":"binary-expr","locations":[{"start":{"line":36,"column":19},"end":{"line":36,"column":26}},{"start":{"line":36,"column":30},"end":{"line":36,"column":51}},{"start":{"line":36,"column":55},"end":{"line":36,"column":59}}]},"3":{"line":51,"type":"binary-expr","locations":[{"start":{"line":51,"column":12},"end":{"line":51,"column":19}},{"start":{"line":51,"column":23},"end":{"line":51,"column":25}}]},"4":{"line":53,"type":"if","locations":[{"start":{"line":53,"column":2},"end":{"line":53,"column":2}},{"start":{"line":53,"column":2},"end":{"line":53,"column":2}}]},"5":{"line":63,"type":"if","locations":[{"start":{"line":63,"column":2},"end":{"line":63,"column":2}},{"start":{"line":63,"column":2},"end":{"line":63,"column":2}}]},"6":{"line":70,"type":"cond-expr","locations":[{"start":{"line":70,"column":52},"end":{"line":70,"column":71}},{"start":{"line":70,"column":74},"end":{"line":70,"column":75}}]},"7":{"line":70,"type":"binary-expr","locations":[{"start":{"line":70,"column":13},"end":{"line":70,"column":26}},{"start":{"line":70,"column":30},"end":{"line":70,"column":49}}]},"8":{"line":71,"type":"cond-expr","locations":[{"start":{"line":71,"column":48},"end":{"line":71,"column":65}},{"start":{"line":71,"column":68},"end":{"line":71,"column":70}}]},"9":{"line":71,"type":"binary-expr","locations":[{"start":{"line":71,"column":11},"end":{"line":71,"column":24}},{"start":{"line":71,"column":28},"end":{"line":71,"column":45}}]},"10":{"line":91,"type":"if","locations":[{"start":{"line":91,"column":2},"end":{"line":91,"column":2}},{"start":{"line":91,"column":2},"end":{"line":91,"column":2}}]},"11":{"line":92,"type":"if","locations":[{"start":{"line":92,"column":2},"end":{"line":92,"column":2}},{"start":{"line":92,"column":2},"end":{"line":92,"column":2}}]},"12":{"line":96,"type":"if","locations":[{"start":{"line":96,"column":2},"end":{"line":96,"column":2}},{"start":{"line":96,"column":2},"end":{"line":96,"column":2}}]},"13":{"line":102,"type":"binary-expr","locations":[{"start":{"line":102,"column":18},"end":{"line":102,"column":33}},{"start":{"line":102,"column":37},"end":{"line":102,"column":44}}]},"14":{"line":104,"type":"if","locations":[{"start":{"line":104,"column":2},"end":{"line":104,"column":2}},{"start":{"line":104,"column":2},"end":{"line":104,"column":2}}]},"15":{"line":104,"type":"binary-expr","locations":[{"start":{"line":104,"column":6},"end":{"line":104,"column":36}},{"start":{"line":105,"column":6},"end":{"line":105,"column":37}},{"start":{"line":106,"column":6},"end":{"line":106,"column":36}}]},"16":{"line":108,"type":"cond-expr","locations":[{"start":{"line":108,"column":46},"end":{"line":108,"column":69}},{"start":{"line":108,"column":72},"end":{"line":108,"column":74}}]},"17":{"line":117,"type":"if","locations":[{"start":{"line":117,"column":4},"end":{"line":117,"column":4}},{"start":{"line":117,"column":4},"end":{"line":117,"column":4}}]},"18":{"line":125,"type":"if","locations":[{"start":{"line":125,"column":4},"end":{"line":125,"column":4}},{"start":{"line":125,"column":4},"end":{"line":125,"column":4}}]},"19":{"line":125,"type":"binary-expr","locations":[{"start":{"line":125,"column":8},"end":{"line":125,"column":27}},{"start":{"line":125,"column":31},"end":{"line":125,"column":37}}]},"20":{"line":132,"type":"if","locations":[{"start":{"line":132,"column":4},"end":{"line":132,"column":4}},{"start":{"line":132,"column":4},"end":{"line":132,"column":4}}]},"21":{"line":134,"type":"if","locations":[{"start":{"line":134,"column":4},"end":{"line":134,"column":4}},{"start":{"line":134,"column":4},"end":{"line":134,"column":4}}]},"22":{"line":134,"type":"binary-expr","locations":[{"start":{"line":134,"column":8},"end":{"line":134,"column":30}},{"start":{"line":134,"column":34},"end":{"line":134,"column":56}}]},"23":{"line":135,"type":"if","locations":[{"start":{"line":135,"column":6},"end":{"line":135,"column":6}},{"start":{"line":135,"column":6},"end":{"line":135,"column":6}}]},"24":{"line":145,"type":"if","locations":[{"start":{"line":145,"column":4},"end":{"line":145,"column":4}},{"start":{"line":145,"column":4},"end":{"line":145,"column":4}}]},"25":{"line":157,"type":"if","locations":[{"start":{"line":157,"column":6},"end":{"line":157,"column":6}},{"start":{"line":157,"column":6},"end":{"line":157,"column":6}}]}},"code":["var PassThrough = require('stream').PassThrough;","var request     = require('./request');","var getInfo     = require('./info');","var util        = require('./util');","var cache       = require('./cache');","","","/**"," * @param {String} link"," * @param {!Object} options"," * @return {ReadableStream}"," */","var ytdl = module.exports = function ytdl(link, options) {","  var stream = createStream(options);","  getInfo(link, options, function(err, info) {","    if (err) {","      stream.emit('error', err);","      return;","    }","","    downloadFromInfoCallback(stream, info, options);","  });","","  return stream;","};","","","ytdl.getInfo = getInfo;","ytdl.chooseFormat = util.chooseFormat;","ytdl.filterFormats = util.filterFormats;","ytdl.cache = cache;","","","function createStream(options) {","  var stream = new PassThrough({","    highWaterMark: options && options.highWaterMark || null,","  });","  stream.destroy = function() { stream._isDestroyed = true; };","  return stream;","}","","","/**"," * Chooses a format to download."," *"," * @param {stream.Readable} stream"," * @param {Object} info"," * @param {Object} options"," */","function downloadFromInfoCallback(stream, info, options) {","  options = options || {};","  var format = util.chooseFormat(info.formats, options);","  if (format instanceof Error) {","    // The caller expects this function to be async.","    setImmediate(function() {","      stream.emit('error', format);","    });","    return;","  }","  stream.emit('info', info, format);","","  var url = format.url;","  if (options.begin) {","    url += '&begin=' + util.fromHumanTime(options.begin);","  }","","  doDownload(stream, url, options, 3, {","    trys: 5,","    range: {","      start: options.range && options.range.start ? options.range.start : 0,","      end: options.range && options.range.end ? options.range.end : -1,","    },","    downloaded: 0,","  });","}","","","var redirectCodes = new Set([301, 302, 303, 307]);","","/**"," * Tries to download the video. Youtube might respond with a redirect"," * status code. In which case, this function will call itself again."," *"," * @param {stream.Readable} stream"," * @param {String} url"," * @param {Object} options"," * @param {Number} tryCount Prevent infinite redirects."," * @param {Object} reconnectInfo Continue after ECONNRESET"," */","function doDownload(stream, url, options, tryCount, reconnectInfo) {","  if (stream._isDestroyed) { return; }","  if (tryCount === 0) {","    stream.emit('error', new Error('Too many redirects'));","    return;","  }","  if (reconnectInfo.trys === 0) {","    stream.emit('error', new Error('Too many reconnects'));","    return;","  }","","  // Start downloading the video.","  var myrequest = options.request || request;","  var rangedUrl = url;","  if (reconnectInfo.downloaded !== 0 ||","      reconnectInfo.range.start !== 0 ||","      reconnectInfo.range.end !== -1) {","    var start = reconnectInfo.range.start + reconnectInfo.downloaded;","    var end = reconnectInfo.range.end != -1 ? reconnectInfo.range.end : '';","    rangedUrl += '&range=' + start + '-' + end;","  }","  var req = myrequest(rangedUrl, options.requestOptions);","","  var myres;","  stream.destroy = function() {","    stream._isDestroyed = true;","    req.abort();","    if (myres) {","      myres.unpipe();","      myres.destroy();","    }","    stream.emit('abort');","  };","","  req.on('error', function(err) {","    if (stream._isDestroyed || !myres) {","      stream.emit('error', err);","    }","  });","","  req.on('response', function(res) {","    myres = res;","    if (stream._isDestroyed) { return; }","    // Support for Streaming 206 status videos","    if (res.statusCode !== 200 && res.statusCode !== 206) {","      if (redirectCodes.has(res.statusCode)) {","        // Redirection header.","        doDownload(stream, res.headers.location, options, tryCount - 1, reconnectInfo);","        return;","      }","      stream.emit('response', res);","      stream.emit('error', new Error('Status code ' + res.statusCode));","      return;","    }","","    if (reconnectInfo.downloaded === 0) {","      reconnectInfo.total = parseInt(res.headers['content-length']);","    }","","    // Keep track of the download progress","    res.on('data', function(chunk) {","      var downloaded = reconnectInfo.downloaded += chunk.length;","      stream.emit('progress', chunk.length, downloaded, reconnectInfo.total);","    });","","    res.on('end', function() {","      // Reconnect if there is more to be downloaded.","      if (reconnectInfo.downloaded < reconnectInfo.total) {","        reconnectInfo.trys = reconnectInfo.trys - 1;","        doDownload(stream, url, options, tryCount, reconnectInfo);","      } else {","        stream.end();","      }","    });","","    res.pipe(stream, {end : false});","    stream.emit('response', res);","  });","","  stream.emit('request', req);","}","","","/**"," * Can be used to download video after its `info` is gotten through"," * `ytdl.getInfo()`. In case the user might want to look at the"," * `info` object before deciding to download."," *"," * @param {Object} info"," * @param {!Object} options"," */","ytdl.downloadFromInfo = function(info, options) {","  var stream = createStream(options);","  setImmediate(function() {","    downloadFromInfoCallback(stream, info, options);","  });","  return stream;","};",""],"l":{"1":1,"2":1,"3":1,"4":1,"5":1,"13":1,"14":0,"15":0,"16":0,"17":0,"18":0,"21":0,"24":0,"28":1,"29":1,"30":1,"31":1,"34":1,"35":0,"38":0,"39":0,"50":1,"51":0,"52":0,"53":0,"55":0,"56":0,"58":0,"60":0,"62":0,"63":0,"64":0,"67":0,"78":1,"90":1,"91":0,"92":0,"93":0,"94":0,"96":0,"97":0,"98":0,"102":0,"103":0,"104":0,"107":0,"108":0,"109":0,"111":0,"113":0,"114":0,"115":0,"116":0,"117":0,"118":0,"119":0,"121":0,"124":0,"125":0,"126":0,"130":0,"131":0,"132":0,"134":0,"135":0,"137":0,"138":0,"140":0,"141":0,"142":0,"145":0,"146":0,"150":0,"151":0,"152":0,"155":0,"157":0,"158":0,"159":0,"161":0,"165":0,"166":0,"169":0,"181":1,"182":0,"183":0,"184":0,"186":0}},"/home/travis/build/npmtest/node-npmtest-ytdl-core/node_modules/ytdl-core/lib/request.js":{"path":"/home/travis/build/npmtest/node-npmtest-ytdl-core/node_modules/ytdl-core/lib/request.js","s":{"1":1,"2":1,"3":1,"4":1,"5":1,"6":1,"7":0,"8":0,"9":0,"10":0,"11":0,"12":0,"13":0,"14":0,"15":0,"16":0,"17":0,"18":0,"19":0,"20":0,"21":0,"22":0,"23":0,"24":0,"25":0,"26":0,"27":0,"28":0,"29":0},"b":{"1":[0,0],"2":[0,0],"3":[0,0],"4":[0,0],"5":[0,0]},"f":{"1":0,"2":0,"3":0,"4":0},"fnMap":{"1":{"name":"(anonymous_1)","line":14,"loc":{"start":{"line":14,"column":17},"end":{"line":14,"column":50}}},"2":{"name":"(anonymous_2)","line":30,"loc":{"start":{"line":30,"column":23},"end":{"line":30,"column":37}}},"3":{"name":"(anonymous_3)","line":39,"loc":{"start":{"line":39,"column":21},"end":{"line":39,"column":37}}},"4":{"name":"(anonymous_4)","line":42,"loc":{"start":{"line":42,"column":20},"end":{"line":42,"column":31}}}},"statementMap":{"1":{"start":{"line":1,"column":0},"end":{"line":1,"column":28}},"2":{"start":{"line":2,"column":0},"end":{"line":2,"column":29}},"3":{"start":{"line":3,"column":0},"end":{"line":3,"column":33}},"4":{"start":{"line":4,"column":0},"end":{"line":4,"column":30}},"5":{"start":{"line":6,"column":0},"end":{"line":6,"column":50}},"6":{"start":{"line":14,"column":0},"end":{"line":49,"column":2}},"7":{"start":{"line":15,"column":2},"end":{"line":15,"column":26}},"8":{"start":{"line":16,"column":2},"end":{"line":16,"column":42}},"9":{"start":{"line":17,"column":2},"end":{"line":25,"column":3}},"10":{"start":{"line":18,"column":4},"end":{"line":18,"column":47}},"11":{"start":{"line":19,"column":4},"end":{"line":23,"column":5}},"12":{"start":{"line":20,"column":6},"end":{"line":20,"column":20}},"13":{"start":{"line":22,"column":6},"end":{"line":22,"column":16}},"14":{"start":{"line":24,"column":4},"end":{"line":24,"column":11}},"15":{"start":{"line":27,"column":2},"end":{"line":27,"column":43}},"16":{"start":{"line":28,"column":2},"end":{"line":28,"column":32}},"17":{"start":{"line":29,"column":2},"end":{"line":47,"column":3}},"18":{"start":{"line":30,"column":4},"end":{"line":45,"column":7}},"19":{"start":{"line":32,"column":6},"end":{"line":35,"column":7}},"20":{"start":{"line":33,"column":8},"end":{"line":33,"column":61}},"21":{"start":{"line":34,"column":8},"end":{"line":34,"column":15}},"22":{"start":{"line":37,"column":6},"end":{"line":37,"column":20}},"23":{"start":{"line":38,"column":6},"end":{"line":38,"column":30}},"24":{"start":{"line":39,"column":6},"end":{"line":41,"column":9}},"25":{"start":{"line":40,"column":8},"end":{"line":40,"column":22}},"26":{"start":{"line":42,"column":6},"end":{"line":44,"column":9}},"27":{"start":{"line":43,"column":8},"end":{"line":43,"column":29}},"28":{"start":{"line":46,"column":4},"end":{"line":46,"column":30}},"29":{"start":{"line":48,"column":2},"end":{"line":48,"column":13}}},"branchMap":{"1":{"line":17,"type":"if","locations":[{"start":{"line":17,"column":2},"end":{"line":17,"column":2}},{"start":{"line":17,"column":2},"end":{"line":17,"column":2}}]},"2":{"line":19,"type":"if","locations":[{"start":{"line":19,"column":4},"end":{"line":19,"column":4}},{"start":{"line":19,"column":4},"end":{"line":19,"column":4}}]},"3":{"line":29,"type":"if","locations":[{"start":{"line":29,"column":2},"end":{"line":29,"column":2}},{"start":{"line":29,"column":2},"end":{"line":29,"column":2}}]},"4":{"line":32,"type":"if","locations":[{"start":{"line":32,"column":6},"end":{"line":32,"column":6}},{"start":{"line":32,"column":6},"end":{"line":32,"column":6}}]},"5":{"line":32,"type":"binary-expr","locations":[{"start":{"line":32,"column":10},"end":{"line":32,"column":32}},{"start":{"line":32,"column":36},"end":{"line":32,"column":58}}]}},"code":["var http  = require('http');","var https = require('https');","var parse = require('url').parse;","var util  = require('./util');","","var httpLibs = { 'http:': http, 'https:': https };","","/**"," * @param {String} url"," * @param {Object} options"," * @param {Function(Error, String)} callback"," * @return http.ClientRequest"," */","module.exports = function(url, options, callback) {","  var parsed = parse(url);","  var httpLib = httpLibs[parsed.protocol];","  if (!httpLib) {","    var err = new Error('Invalid URL: ' + url);","    if (callback) {","      callback(err);","    } else {","      throw err;","    }","    return;","  }","","  util.objectAssign(parsed, options, true);","  var req = httpLib.get(parsed);","  if (callback) {","    req.on('response', function(res) {","      // Support for Streaming 206 status videos","      if (res.statusCode !== 200 && res.statusCode !== 206) {","        callback(new Error('Status code ' + res.statusCode));","        return;","      }","","      var body = '';","      res.setEncoding('utf8');","      res.on('data', function(chunk) {","        body += chunk;","      });","      res.on('end', function() {","        callback(null, body);","      });","    });","    req.on('error', callback);","  }","  return req;","};",""],"l":{"1":1,"2":1,"3":1,"4":1,"6":1,"14":1,"15":0,"16":0,"17":0,"18":0,"19":0,"20":0,"22":0,"24":0,"27":0,"28":0,"29":0,"30":0,"32":0,"33":0,"34":0,"37":0,"38":0,"39":0,"40":0,"42":0,"43":0,"46":0,"48":0}},"/home/travis/build/npmtest/node-npmtest-ytdl-core/node_modules/ytdl-core/lib/util.js":{"path":"/home/travis/build/npmtest/node-npmtest-ytdl-core/node_modules/ytdl-core/lib/util.js","s":{"1":1,"2":1,"3":1,"4":1,"5":1,"6":1,"7":1,"8":0,"9":0,"10":0,"11":0,"12":0,"13":0,"14":1,"15":1,"16":1,"17":0,"18":0,"19":0,"20":0,"21":1,"22":0,"23":0,"24":0,"25":0,"26":1,"27":0,"28":0,"29":0,"30":0,"31":0,"32":0,"33":0,"34":0,"35":0,"36":0,"37":0,"38":0,"39":0,"40":0,"41":0,"42":0,"43":0,"44":0,"45":1,"46":0,"47":0,"48":0,"49":0,"50":0,"51":0,"52":0,"53":0,"54":0,"55":0,"56":0,"57":0,"58":0,"59":0,"60":0,"61":0,"62":0,"63":0,"64":0,"65":0,"66":0,"67":0,"68":0,"69":0,"70":0,"71":0,"72":0,"73":0,"74":0,"75":1,"76":0,"77":0,"78":0,"79":0,"80":0,"81":0,"82":0,"83":0,"84":0,"85":0,"86":0,"87":0,"88":0,"89":0,"90":0,"91":0,"92":1,"93":0,"94":0,"95":0,"96":0,"97":0,"98":0,"99":0,"100":0,"101":0,"102":0,"103":1,"104":1,"105":0,"106":0,"107":0,"108":0,"109":0,"110":0,"111":0,"112":0,"113":0,"114":0,"115":0,"116":0,"117":1,"118":0,"119":0,"120":0,"121":0,"122":0,"123":0,"124":0,"125":0,"126":0,"127":0,"128":0,"129":0,"130":0,"131":0,"132":0,"133":0,"134":1,"135":0,"136":0,"137":0,"138":1,"139":1,"140":1,"141":0,"142":0,"143":0,"144":0,"145":0,"146":0,"147":0,"148":1,"149":0,"150":1,"151":0,"152":0,"153":0,"154":0,"155":0,"156":0,"157":1,"158":0,"159":0,"160":0,"161":0,"162":1,"163":0,"164":0,"165":0,"166":0,"167":0,"168":0,"169":0,"170":0,"171":0,"172":0,"173":0,"174":0,"175":0,"176":1,"177":0,"178":0,"179":0,"180":0,"181":0,"182":1,"183":1,"184":1,"185":1,"186":0,"187":0,"188":0,"189":0,"190":0,"191":0,"192":0,"193":0,"194":0,"195":0,"196":0,"197":0,"198":0},"b":{"1":[0,0],"2":[0,0],"3":[0,0],"4":[0,0],"5":[0,0],"6":[0,0],"7":[0,0],"8":[0,0],"9":[0,0],"10":[0,0],"11":[0,0],"12":[0,0],"13":[0,0],"14":[0,0],"15":[0,0],"16":[0,0],"17":[0,0],"18":[0,0],"19":[0,0],"20":[0,0,0],"21":[0,0],"22":[0,0],"23":[0,0],"24":[0,0],"25":[0,0],"26":[0,0,0,0,0],"27":[0,0],"28":[0,0],"29":[0,0],"30":[0,0],"31":[0,0],"32":[0,0],"33":[0,0,0,0],"34":[0,0],"35":[0,0],"36":[0,0],"37":[0,0],"38":[0,0],"39":[0,0],"40":[0,0],"41":[0,0],"42":[0,0],"43":[0,0],"44":[0,0],"45":[0,0],"46":[0,0],"47":[0,0],"48":[0,0],"49":[0,0,0,0],"50":[0,0],"51":[0,0],"52":[0,0],"53":[0,0],"54":[0,0],"55":[0,0],"56":[0,0]},"f":{"1":0,"2":0,"3":0,"4":0,"5":0,"6":0,"7":0,"8":0,"9":0,"10":0,"11":0,"12":0,"13":0,"14":0,"15":0,"16":0,"17":0,"18":0,"19":0,"20":0,"21":0,"22":0,"23":0,"24":0},"fnMap":{"1":{"name":"(anonymous_1)","line":17,"loc":{"start":{"line":17,"column":20},"end":{"line":17,"column":35}}},"2":{"name":"(anonymous_2)","line":52,"loc":{"start":{"line":52,"column":22},"end":{"line":52,"column":37}}},"3":{"name":"getBitrate","line":58,"loc":{"start":{"line":58,"column":2},"end":{"line":58,"column":25}}},"4":{"name":"audioScore","line":67,"loc":{"start":{"line":67,"column":2},"end":{"line":67,"column":25}}},"5":{"name":"(anonymous_5)","line":106,"loc":{"start":{"line":106,"column":23},"end":{"line":106,"column":50}}},"6":{"name":"(anonymous_6)","line":131,"loc":{"start":{"line":131,"column":20},"end":{"line":131,"column":35}}},"7":{"name":"(anonymous_7)","line":164,"loc":{"start":{"line":164,"column":24},"end":{"line":164,"column":50}}},"8":{"name":"(anonymous_8)","line":168,"loc":{"start":{"line":168,"column":9},"end":{"line":168,"column":26}}},"9":{"name":"(anonymous_9)","line":172,"loc":{"start":{"line":172,"column":9},"end":{"line":172,"column":26}}},"10":{"name":"(anonymous_10)","line":176,"loc":{"start":{"line":176,"column":9},"end":{"line":176,"column":26}}},"11":{"name":"(anonymous_11)","line":180,"loc":{"start":{"line":180,"column":9},"end":{"line":180,"column":26}}},"12":{"name":"(anonymous_12)","line":198,"loc":{"start":{"line":198,"column":18},"end":{"line":198,"column":50}}},"13":{"name":"(anonymous_13)","line":224,"loc":{"start":{"line":224,"column":21},"end":{"line":224,"column":36}}},"14":{"name":"(anonymous_14)","line":251,"loc":{"start":{"line":251,"column":23},"end":{"line":251,"column":45}}},"15":{"name":"(anonymous_15)","line":262,"loc":{"start":{"line":262,"column":9},"end":{"line":262,"column":26}}},"16":{"name":"(anonymous_16)","line":288,"loc":{"start":{"line":288,"column":30},"end":{"line":288,"column":45}}},"17":{"name":"(anonymous_17)","line":308,"loc":{"start":{"line":308,"column":20},"end":{"line":308,"column":35}}},"18":{"name":"(anonymous_18)","line":333,"loc":{"start":{"line":333,"column":23},"end":{"line":333,"column":38}}},"19":{"name":"(anonymous_19)","line":345,"loc":{"start":{"line":345,"column":27},"end":{"line":345,"column":42}}},"20":{"name":"(anonymous_20)","line":353,"loc":{"start":{"line":353,"column":32},"end":{"line":353,"column":47}}},"21":{"name":"(anonymous_21)","line":363,"loc":{"start":{"line":363,"column":19},"end":{"line":363,"column":45}}},"22":{"name":"checkDone","line":369,"loc":{"start":{"line":369,"column":2},"end":{"line":369,"column":41}}},"23":{"name":"(anonymous_23)","line":399,"loc":{"start":{"line":399,"column":23},"end":{"line":399,"column":54}}},"24":{"name":"(anonymous_24)","line":428,"loc":{"start":{"line":428,"column":24},"end":{"line":428,"column":39}}}},"statementMap":{"1":{"start":{"line":1,"column":0},"end":{"line":1,"column":38}},"2":{"start":{"line":2,"column":0},"end":{"line":2,"column":30}},"3":{"start":{"line":3,"column":0},"end":{"line":3,"column":56}},"4":{"start":{"line":4,"column":0},"end":{"line":4,"column":36}},"5":{"start":{"line":7,"column":0},"end":{"line":7,"column":51}},"6":{"start":{"line":16,"column":0},"end":{"line":16,"column":75}},"7":{"start":{"line":17,"column":0},"end":{"line":25,"column":2}},"8":{"start":{"line":18,"column":2},"end":{"line":18,"column":48}},"9":{"start":{"line":19,"column":2},"end":{"line":19,"column":30}},"10":{"start":{"line":20,"column":2},"end":{"line":20,"column":30}},"11":{"start":{"line":21,"column":2},"end":{"line":21,"column":30}},"12":{"start":{"line":22,"column":2},"end":{"line":22,"column":30}},"13":{"start":{"line":24,"
[...]
n":15}},"21":{"start":{"line":36,"column":6},"end":{"line":36,"column":29}},"22":{"start":{"line":37,"column":6},"end":{"line":37,"column":29}},"23":{"start":{"line":50,"column":0},"end":{"line":74,"column":2}},"24":{"start":{"line":51,"column":2},"end":{"line":51,"column":22}},"25":{"start":{"line":52,"column":2},"end":{"line":52,"column":10}},"26":{"start":{"line":53,"column":2},"end":{"line":72,"column":3}},"27":{"start":{"line":54,"column":4},"end":{"line":54,"column":26}},"28":{"start":{"line":55,"column":4},"end":{"line":71,"column":5}},"29":{"start":{"line":57,"column":6},"end":{"line":57,"column":26}},"30":{"start":{"line":58,"column":6},"end":{"line":58,"column":12}},"31":{"start":{"line":60,"column":6},"end":{"line":60,"column":29}},"32":{"start":{"line":61,"column":6},"end":{"line":61,"column":42}},"33":{"start":{"line":62,"column":6},"end":{"line":62,"column":12}},"34":{"start":{"line":64,"column":6},"end":{"line":64,"column":29}},"35":{"start":{"line":65,"column":6},"end":{"line":65,"column":27}},"36":{"start":{"line":66,"column":6},"end":{"line":66,"column":12}},"37":{"start":{"line":68,"column":6},"end":{"line":68,"column":29}},"38":{"start":{"line":69,"column":6},"end":{"line":69,"column":25}},"39":{"start":{"line":70,"column":6},"end":{"line":70,"column":12}},"40":{"start":{"line":73,"column":2},"end":{"line":73,"column":22}},"41":{"start":{"line":84,"column":0},"end":{"line":89,"column":1}},"42":{"start":{"line":85,"column":2},"end":{"line":85,"column":21}},"43":{"start":{"line":86,"column":2},"end":{"line":86,"column":38}},"44":{"start":{"line":87,"column":2},"end":{"line":87,"column":24}},"45":{"start":{"line":88,"column":2},"end":{"line":88,"column":13}},"46":{"start":{"line":92,"column":0},"end":{"line":92,"column":43}},"47":{"start":{"line":93,"column":0},"end":{"line":95,"column":6}},"48":{"start":{"line":96,"column":0},"end":{"line":98,"column":6}},"49":{"start":{"line":99,"column":0},"end":{"line":101,"column":6}},"50":{"start":{"line":102,"column":0},"end":{"line":104,"column":6}},"51":{"start":{"line":105,"column":0},"end":{"line":112,"column":2}},"52":{"start":{"line":113,"column":0},"end":{"line":118,"column":2}},"53":{"start":{"line":119,"column":0},"end":{"line":119,"column":78}},"54":{"start":{"line":120,"column":0},"end":{"line":120,"column":76}},"55":{"start":{"line":121,"column":0},"end":{"line":121,"column":77}},"56":{"start":{"line":122,"column":0},"end":{"line":122,"column":75}},"57":{"start":{"line":145,"column":0},"end":{"line":184,"column":2}},"58":{"start":{"line":146,"column":2},"end":{"line":146,"column":46}},"59":{"start":{"line":147,"column":2},"end":{"line":147,"column":48}},"60":{"start":{"line":148,"column":2},"end":{"line":148,"column":49}},"61":{"start":{"line":148,"column":35},"end":{"line":148,"column":47}},"62":{"start":{"line":150,"column":2},"end":{"line":150,"column":52}},"63":{"start":{"line":151,"column":2},"end":{"line":151,"column":52}},"64":{"start":{"line":152,"column":2},"end":{"line":152,"column":53}},"65":{"start":{"line":154,"column":2},"end":{"line":154,"column":43}},"66":{"start":{"line":155,"column":2},"end":{"line":155,"column":61}},"67":{"start":{"line":156,"column":2},"end":{"line":156,"column":37}},"68":{"start":{"line":157,"column":2},"end":{"line":157,"column":59}},"69":{"start":{"line":158,"column":2},"end":{"line":158,"column":38}},"70":{"start":{"line":159,"column":2},"end":{"line":159,"column":60}},"71":{"start":{"line":160,"column":2},"end":{"line":160,"column":36}},"72":{"start":{"line":161,"column":2},"end":{"line":161,"column":58}},"73":{"start":{"line":163,"column":2},"end":{"line":164,"column":77}},"74":{"start":{"line":165,"column":2},"end":{"line":165,"column":46}},"75":{"start":{"line":166,"column":2},"end":{"line":166,"column":18}},"76":{"start":{"line":167,"column":2},"end":{"line":182,"column":3}},"77":{"start":{"line":168,"column":4},"end":{"line":181,"column":5}},"78":{"start":{"line":170,"column":6},"end":{"line":170,"column":35}},"79":{"start":{"line":171,"column":6},"end":{"line":171,"column":12}},"80":{"start":{"line":173,"column":6},"end":{"line":173,"column":23}},"81":{"start":{"line":174,"column":6},"end":{"line":174,"column":12}},"82":{"start":{"line":176,"column":6},"end":{"line":176,"column":35}},"83":{"start":{"line":177,"column":6},"end":{"line":177,"column":12}},"84":{"start":{"line":179,"column":6},"end":{"line":179,"column":35}},"85":{"start":{"line":180,"column":6},"end":{"line":180,"column":12}},"86":{"start":{"line":183,"column":2},"end":{"line":183,"column":16}},"87":{"start":{"line":192,"column":0},"end":{"line":229,"column":2}},"88":{"start":{"line":193,"column":2},"end":{"line":193,"column":17}},"89":{"start":{"line":194,"column":2},"end":{"line":201,"column":3}},"90":{"start":{"line":195,"column":4},"end":{"line":195,"column":28}},"91":{"start":{"line":197,"column":4},"end":{"line":199,"column":5}},"92":{"start":{"line":198,"column":6},"end":{"line":198,"column":69}},"93":{"start":{"line":200,"column":4},"end":{"line":200,"column":11}},"94":{"start":{"line":203,"column":2},"end":{"line":210,"column":3}},"95":{"start":{"line":204,"column":4},"end":{"line":204,"column":48}},"96":{"start":{"line":206,"column":4},"end":{"line":208,"column":5}},"97":{"start":{"line":207,"column":6},"end":{"line":207,"column":59}},"98":{"start":{"line":209,"column":4},"end":{"line":209,"column":11}},"99":{"start":{"line":213,"column":2},"end":{"line":213,"column":46}},"100":{"start":{"line":217,"column":2},"end":{"line":217,"column":26}},"101":{"start":{"line":219,"column":2},"end":{"line":219,"column":30}},"102":{"start":{"line":223,"column":2},"end":{"line":223,"column":27}},"103":{"start":{"line":224,"column":2},"end":{"line":226,"column":3}},"104":{"start":{"line":225,"column":4},"end":{"line":225,"column":26}},"105":{"start":{"line":228,"column":2},"end":{"line":228,"column":37}},"106":{"start":{"line":239,"column":0},"end":{"line":244,"column":2}},"107":{"start":{"line":240,"column":2},"end":{"line":243,"column":5}},"108":{"start":{"line":241,"column":4},"end":{"line":241,"column":77}},"109":{"start":{"line":242,"column":4},"end":{"line":242,"column":47}}},"branchMap":{"1":{"line":17,"type":"if","locations":[{"start":{"line":17,"column":2},"end":{"line":17,"column":2}},{"start":{"line":17,"column":2},"end":{"line":17,"column":2}}]},"2":{"line":23,"type":"if","locations":[{"start":{"line":23,"column":2},"end":{"line":23,"column":2}},{"start":{"line":23,"column":2},"end":{"line":23,"column":2}}]},"3":{"line":26,"type":"binary-expr","locations":[{"start":{"line":26,"column":20},"end":{"line":26,"column":35}},{"start":{"line":26,"column":39},"end":{"line":26,"column":46}}]},"4":{"line":28,"type":"if","locations":[{"start":{"line":28,"column":6},"end":{"line":28,"column":6}},{"start":{"line":28,"column":6},"end":{"line":28,"column":6}}]},"5":{"line":31,"type":"if","locations":[{"start":{"line":31,"column":6},"end":{"line":31,"column":6}},{"start":{"line":31,"column":6},"end":{"line":31,"column":6}}]},"6":{"line":31,"type":"binary-expr","locations":[{"start":{"line":31,"column":10},"end":{"line":31,"column":13}},{"start":{"line":31,"column":18},"end":{"line":31,"column":25}},{"start":{"line":31,"column":29},"end":{"line":31,"column":43}}]},"7":{"line":55,"type":"switch","locations":[{"start":{"line":56,"column":4},"end":{"line":58,"column":12}},{"start":{"line":59,"column":4},"end":{"line":62,"column":12}},{"start":{"line":63,"column":4},"end":{"line":66,"column":12}},{"start":{"line":67,"column":4},"end":{"line":70,"column":12}}]},"8":{"line":148,"type":"if","locations":[{"start":{"line":148,"column":2},"end":{"line":148,"column":2}},{"start":{"line":148,"column":2},"end":{"line":148,"column":2}}]},"9":{"line":148,"type":"binary-expr","locations":[{"start":{"line":148,"column":6},"end":{"line":148,"column":16}},{"start":{"line":148,"column":20},"end":{"line":148,"column":31}}]},"10":{"line":155,"type":"binary-expr","locations":[{"start":{"line":155,"column":19},"end":{"line":155,"column":25}},{"start":{"line":155,"column":29},"end":{"line":155,"column":60}}]},"11":{"line":157,"type":"binary-expr","locations":[{"start":{"line":157,"column":17},"end":{"line":157,"column":23}},{"start":{"line":157,"column":27},"end":{"line":157,"column":58}}]},"12":{"line":159,"type":"binary-expr","locations":[{"start":{"line":159,"column":18},"end":{"line":159,"column":24}},{"start":{"line":159,"column":28},"end":{"line":159,"column":59}}]},"13":{"line":161,"type":"binary-expr","locations":[{"start":{"line":161,"column":16},"end":{"line":161,"column":22}},{"start":{"line":161,"column":26},"end":{"line":161,"column":57}}]},"14":{"line":168,"type":"switch","locations":[{"start":{"line":169,"column":4},"end":{"line":171,"column":12}},{"start":{"line":172,"column":4},"end":{"line":174,"column":12}},{"start":{"line":175,"column":4},"end":{"line":177,"column":12}},{"start":{"line":178,"column":4},"end":{"line":180,"column":12}}]},"15":{"line":194,"type":"if","locations":[{"start":{"line":194,"column":2},"end":{"line":194,"column":2}},{"start":{"line":194,"column":2},"end":{"line":194,"column":2}}]},"16":{"line":197,"type":"if","locations":[{"start":{"line":197,"column":4},"end":{"line":197,"column":4}},{"start":{"line":197,"column":4},"end":{"line":197,"column":4}}]},"17":{"line":206,"type":"if","locations":[{"start":{"line":206,"column":4},"end":{"line":206,"column":4}},{"start":{"line":206,"column":4},"end":{"line":206,"column":4}}]},"18":{"line":224,"type":"if","locations":[{"start":{"line":224,"column":2},"end":{"line":224,"column":2}},{"start":{"line":224,"column":2},"end":{"line":224,"column":2}}]},"19":{"line":241,"type":"cond-expr","locations":[{"start":{"line":241,"column":35},"end":{"line":241,"column":69}},{"start":{"line":241,"column":72},"end":{"line":241,"column":76}}]},"20":{"line":241,"type":"binary-expr","locations":[{"start":{"line":241,"column":14},"end":{"line":241,"column":20}},{"start":{"line":241,"column":24},"end":{"line":241,"column":32}}]}},"code":["var url     = require('url');","var request = require('./request');","var cache   = require('./cache');","","","/**"," * Extract signature deciphering tokens from html5player file."," *"," * @param {String} html5playerfile"," * @param {Object} options"," * @param {Function(!Error, Array.<String>)} callback"," */","exports.getTokens = function(html5playerfile, options, callback) {","  var key, cachedTokens;","  var rs = /(?:html5)?player-([a-zA-Z0-9\\-_]+)(?:\\.js|\\/)/","    .exec(html5playerfile);","  if (rs) {","    key = rs[1];","    cachedTokens = cache.get(key);","  } else {","    console.warn('Could not extract html5player key:', html5playerfile);","  }","  if (cachedTokens) {","    callback(null, cachedTokens);","  } else {","    var myrequest = options.request || request;","    myrequest(html5playerfile, options.requestOptions, function(err, body) {","      if (err) return callback(err);","","      var tokens = exports.extractActions(body);","      if (key && (!tokens || !tokens.length)) {","        callback(new Error('Could not extract signature deciphering actions'));","        return;","      }","","      cache.set(key, tokens);","      callback(null, tokens);","    });","  }","};","","","/**"," * Decipher a signature based on action tokens."," *"," * @param {Array.<String>} tokens"," * @param {String} sig"," * @return {String}"," */","exports.decipher = function(tokens, sig) {","  sig = sig.split('');","  var pos;","  for (var i = 0, len = tokens.length; i < len; i++) {","    var token = tokens[i];","    switch (token[0]) {","    case 'r':","      sig = sig.reverse();","      break;","    case 'w':","      pos = ~~token.slice(1);","      sig = swapHeadAndPosition(sig, pos);","      break;","    case 's':","      pos = ~~token.slice(1);","      sig = sig.slice(pos);","      break;","    case 'p':","      pos = ~~token.slice(1);","      sig.splice(0, pos);","      break;","    }","  }","  return sig.join('');","};","","","/**"," * Swaps the first element of an array with one of given position."," *"," * @param {Array.<Object>} arr"," * @param {Number} position"," * @return {Array.<Object>}"," */","function swapHeadAndPosition(arr, position) {","  var first = arr[0];","  arr[0] = arr[position % arr.length];","  arr[position] = first;","  return arr;","}","","","var jsvarStr = '[a-zA-Z_\\\\$][a-zA-Z_0-9]*';","var reverseStr = ':function\\\\(a\\\\)\\\\{' +","  '(?:return )?a\\\\.reverse\\\\(\\\\)' +","'\\\\}';","var sliceStr = ':function\\\\(a,b\\\\)\\\\{' +","  'return a\\\\.slice\\\\(b\\\\)' +","'\\\\}';","var spliceStr = ':function\\\\(a,b\\\\)\\\\{' +","  'a\\\\.splice\\\\(0,b\\\\)' +","'\\\\}';","var swapStr = ':function\\\\(a,b\\\\)\\\\{' +","  'var c=a\\\\[0\\\\];a\\\\[0\\\\]=a\\\\[b%a\\\\.length\\\\];a\\\\[b\\\\]=c(?:;return a)?' +","'\\\\}';","var actionsObjRegexp = new RegExp(","  'var (' + jsvarStr + ')=\\\\{((?:(?:' +","    jsvarStr + reverseStr + '|' +","    jsvarStr + sliceStr   + '|' +","    jsvarStr + spliceStr  + '|' +","    jsvarStr + swapStr +","  '),?\\\\n?)+)\\\\};'",");","var actionsFuncRegexp = new RegExp('function(?: ' + jsvarStr + ')?\\\\(a\\\\)\\\\{' +","    'a=a\\\\.split\\\\(\"\"\\\\);\\\\s*' +","    '((?:(?:a=)?' + jsvarStr + '\\\\.' + jsvarStr + '\\\\(a,\\\\d+\\\\);)+)' +","    'return a\\\\.join\\\\(\"\"\\\\)' +","  '\\\\}'",");","var reverseRegexp = new RegExp('(?:^|,)(' + jsvarStr + ')' + reverseStr, 'm');","var sliceRegexp   = new RegExp('(?:^|,)(' + jsvarStr + ')' + sliceStr, 'm');","var spliceRegexp  = new RegExp('(?:^|,)(' + jsvarStr + ')' + spliceStr, 'm');","var swapRegexp    = new RegExp('(?:^|,)(' + jsvarStr + ')' + swapStr, 'm');","","","/**"," * Extracts the actions that should be taken to decipher a signature."," *"," * This searches for a function that performs string manipulations on"," * the signature. We already know what the 3 possible changes to a signature"," * are in order to decipher it. There is"," *"," * * Reversing the string."," * * Removing a number of characters from the beginning."," * * Swapping the first character with another position."," *"," * Note, `Array#slice()` used to be used instead of `Array#splice()`,"," * it's kept in case we encounter any older html5player files."," *"," * After retrieving the function that does this, we can see what actions"," * it takes on  a signature."," *"," * @param {String} body"," * @return {Array.<String>}"," */","exports.extractActions = function(body) {","  var objResult = actionsObjRegexp.exec(body);","  var funcResult = actionsFuncRegexp.exec(body);","  if (!objResult || !funcResult) { return null; }","","  var obj      = objResult[1].replace(/\\$/g, '\\\\$');","  var objBody  = objResult[2].replace(/\\$/g, '\\\\$');","  var funcbody = funcResult[1].replace(/\\$/g, '\\\\$');","","  var result = reverseRegexp.exec(objBody);","  var reverseKey = result && result[1].replace(/\\$/g, '\\\\$');","  result = sliceRegexp.exec(objBody);","  var sliceKey = result && result[1].replace(/\\$/g, '\\\\$');","  result = spliceRegexp.exec(objBody);","  var spliceKey = result && result[1].replace(/\\$/g, '\\\\$');","  result = swapRegexp.exec(objBody);","  var swapKey = result && result[1].replace(/\\$/g, '\\\\$');","","  var myreg = '(?:a=)?' + obj + '\\\\.(' +","    [reverseKey, sliceKey, spliceKey, swapKey].join('|') + ')\\\\(a,(\\\\d+)\\\\)';","  var tokenizeRegexp = new RegExp(myreg, 'g');","  var tokens = [];","  while ((result = tokenizeRegexp.exec(funcbody)) !== null) {","    switch (result[1]) {","    case swapKey:","      tokens.push('w' + result[2]);","      break;","    case reverseKey:","      tokens.push('r');","      break;","    case sliceKey:","      tokens.push('s' + result[2]);","      break;","    case spliceKey:","      tokens.push('p' + result[2]);","      break;","    }","  }","  return tokens;","};","","","/**"," * @param {Object} format"," * @param {String} sig"," * @param {Boolean} debug"," */","exports.setDownloadURL = function(format, sig, debug) {","  var decodedUrl;","  if (format.url) {","    decodedUrl = format.url;","  } else {","    if (debug) {","      console.warn('Download url not found for itag ' + format.itag);","    }","    return;","  }","","  try {","    decodedUrl = decodeURIComponent(decodedUrl);","  } catch (err) {","    if (debug) {","      console.warn('Could not decode url: ' + err.message);","    }","    return;","  }","","  // Make some adjustments to the final url.","  var parsedUrl = url.parse(decodedUrl, true);","","  // Deleting the `search` part is necessary otherwise changes to","  // `query` won't reflect when running `url.format()`","  delete parsedUrl.search;","","  var query = parsedUrl.query;","","  // This is needed for a speedier download.","  // See https://github.com/fent/node-ytdl-core/issues/127","  query.ratebypass = 'yes';","  if (sig) {","    query.signature = sig;","  }","","  format.url = url.format(parsedUrl);","};","","","/**"," * Applies `sig.decipher()` to all format URL's."," *"," * @param {Array.<Object>} formats"," * @param {Array.<String>} tokens"," * @param {Boolean} debug"," */","exports.decipherFormats = function(formats, tokens, debug) {","  formats.forEach(function(format) {","    var sig = tokens && format.s ? exports.decipher(tokens, format.s) : null;","    exports.setDownloadURL(format, sig, debug);","  });","};",""],"l":{"1":1,"2":1,"3":1,"13":1,"14":0,"15":0,"17":0,"18":0,"19":0,"21":0,"23":0,"24":0,"26":0,"27":0,"28":0,"30":0,"31":0,"32":0,"33":0,"36":0,"37":0,"50":1,"51":0,"52":0,"53":0,"54":0,"55":0,"57":0,"58":0,"60":0,"61":0,"62":0,"64":0,"65":0,"66":0,"68":0,"69":0,"70":0,"73":0,"84":1,"85":0,"86":0,"87":0,"88":0,"92":1,"93":1,"96":1,"99":1,"102":1,"105":1,"113":1,"119":1,"120":1,"121":1,"122":1,"145":1,"146":0,"147":0,"148":0,"150":0,"151":0,"152":0,"154":0,"155":0,"156":0,"157":0,"158":0,"159":0,"160":0,"161":0,"163":0,"165":0,"166":0,"167":0,"168":0,"170":0,"171":0,"173":0,"174":0,"176":0,"177":0,"179":0,"180":0,"183":0,"192":1,"193":0,"194":0,"195":0,"197":0,"198":0,"200":0,"203":0,"204":0,"206":0,"207":0,"209":0,"213":0,"217":0,"219":0,"223":0,"224":0,"225":0,"228":0,"239":1,"240":0,"241":0,"242":0}},"/home/travis/build/npmtest/node-npmtest-ytdl-core/node_modules/ytdl-core/lib/cache.js":{"path":"/home/travis/build/npmtest/node-npmtest-ytdl-core/node_modules/ytdl-core/lib/cache.js","s":{"1":1,"2":1,"3":0,"4":1,"5":0,"6":1,"7":0},"b":{},"f":{"1":0,"2":0,"3":0},"fnMap":{"1":{"name":"(anonymous_1)","line":13,"loc":{"start":{"line":13,"column":14},"end":{"line":13,"column":35}}},"2":{"name":"(anonymous_2)","line":22,"loc":{"start":{"line":22,"column":14},"end":{"line":22,"column":28}}},"3":{"name":"(anonymous_3)","line":30,"loc":{"start":{"line":30,"column":16},"end":{"line":30,"column":27}}}},"statementMap":{"1":{"start":{"line":6,"column":0},"end":{"line":6,"column":19}},"2":{"start":{"line":13,"column":0},"end":{"line":15,"column":2}},"3":{"start":{"line":14,"column":2},"end":{"line":14,"column":29}},"4":{"start":{"line":22,"column":0},"end":{"line":24,"column":2}},"5":{"start":{"line":23,"column":2},"end":{"line":23,"column":28}},"6":{"start":{"line":30,"column":0},"end":{"line":32,"column":2}},"7":{"start":{"line":31,"column":2},"end":{"line":31,"column":21}}},"branchMap":{},"code":["// A cache to keep track of html5player tokens, so that we don't request","// these static files from Youtube and parse them every time a video","// needs the same one.","//","// The cache is very simplistic, shared, and it only needs get and set.","exports.store = {};","","","/**"," * @param {String} key"," * @param {Object} value"," */","exports.set = function(key, value) {","  exports.store[key] = value;","};","","","/**"," * @param {String} key"," * @return {Object}"," */","exports.get = function(key) {","  return exports.store[key];","};","","","/**"," * Empties the cache."," */","exports.reset = function() {","  exports.store = {};","};",""],"l":{"6":1,"13":1,"14":0,"22":1,"23":0,"30":1,"31":0}}}